{"/home/travis/build/npmtest/node-npmtest-zuul/test.js":{"path":"/home/travis/build/npmtest/node-npmtest-zuul/test.js","s":{"1":2,"2":2,"3":2,"4":2,"5":2,"6":2,"7":2,"8":1,"9":2,"10":2,"11":1,"12":1,"13":1,"14":1,"15":2,"16":2,"17":2,"18":2,"19":1,"20":1,"21":2,"22":2,"23":2,"24":1,"25":1,"26":1,"27":1,"28":1,"29":1,"30":1,"31":1,"32":1,"33":1,"34":1,"35":1,"36":1,"37":1,"38":1,"39":2,"40":2,"41":1,"42":2,"43":2,"44":1,"45":2,"46":2,"47":1,"48":2,"49":2,"50":1,"51":1,"52":1,"53":1,"54":1},"b":{"1":[2,1,1,1],"2":[1,1,1,1],"3":[1,1],"4":[1,1],"5":[1,1],"6":[1,1],"7":[1,1],"8":[1,1],"9":[1,1],"10":[1,1,1],"11":[1,1],"12":[1,1],"13":[1,1],"14":[1,1],"15":[1,1],"16":[1,1],"17":[1,1]},"f":{"1":2,"2":2,"3":2,"4":2,"5":2,"6":1,"7":1,"8":1,"9":2,"10":2,"11":2,"12":2,"13":1},"fnMap":{"1":{"name":"(anonymous_1)","line":12,"loc":{"start":{"line":12,"column":1},"end":{"line":12,"column":13}}},"2":{"name":"(anonymous_2)","line":19,"loc":{"start":{"line":19,"column":5},"end":{"line":19,"column":17}}},"3":{"name":"(anonymous_3)","line":23,"loc":{"start":{"line":23,"column":24},"end":{"line":23,"column":36}}},"4":{"name":"(anonymous_4)","line":61,"loc":{"start":{"line":61,"column":5},"end":{"line":61,"column":17}}},"5":{"name":"(anonymous_5)","line":82,"loc":{"start":{"line":82,"column":5},"end":{"line":82,"column":17}}},"6":{"name":"(anonymous_6)","line":91,"loc":{"start":{"line":91,"column":77},"end":{"line":94,"column":10}}},"7":{"name":"(anonymous_7)","line":112,"loc":{"start":{"line":112,"column":83},"end":{"line":115,"column":10}},"skip":true},"8":{"name":"(anonymous_8)","line":123,"loc":{"start":{"line":123,"column":77},"end":{"line":126,"column":10}},"skip":true},"9":{"name":"(anonymous_9)","line":139,"loc":{"start":{"line":139,"column":12},"end":{"line":139,"column":40}},"skip":true},"10":{"name":"(anonymous_10)","line":147,"loc":{"start":{"line":147,"column":77},"end":{"line":150,"column":10}},"skip":true},"11":{"name":"(anonymous_11)","line":158,"loc":{"start":{"line":158,"column":83},"end":{"line":161,"column":10}},"skip":true},"12":{"name":"(anonymous_12)","line":169,"loc":{"start":{"line":169,"column":79},"end":{"line":172,"column":10}},"skip":true},"13":{"name":"(anonymous_13)","line":180,"loc":{"start":{"line":180,"column":75},"end":{"line":183,"column":10}},"skip":true}},"statementMap":{"1":{"start":{"line":12,"column":0},"end":{"line":195,"column":5}},"2":{"start":{"line":14,"column":4},"end":{"line":14,"column":14}},"3":{"start":{"line":19,"column":4},"end":{"line":56,"column":9}},"4":{"start":{"line":21,"column":8},"end":{"line":21,"column":19}},"5":{"start":{"line":23,"column":8},"end":{"line":35,"column":13}},"6":{"start":{"line":24,"column":12},"end":{"line":34,"column":13}},"7":{"start":{"line":25,"column":16},"end":{"line":28,"column":30}},"8":{"start":{"line":30,"column":16},"end":{"line":33,"column":27}},"9":{"start":{"line":37,"column":8},"end":{"line":39,"column":21}},"10":{"start":{"line":40,"column":8},"end":{"line":53,"column":9}},"11":{"start":{"line":43,"column":12},"end":{"line":46,"column":14}},"12":{"start":{"line":47,"column":12},"end":{"line":47,"column":18}},"13":{"start":{"line":50,"column":12},"end":{"line":51,"column":33}},"14":{"start":{"line":52,"column":12},"end":{"line":52,"column":18}},"15":{"start":{"line":55,"column":8},"end":{"line":55,"column":35}},"16":{"start":{"line":61,"column":4},"end":{"line":63,"column":9}},"17":{"start":{"line":62,"column":8},"end":{"line":62,"column":15}},"18":{"start":{"line":64,"column":4},"end":{"line":77,"column":5}},"19":{"start":{"line":70,"column":8},"end":{"line":70,"column":14}},"20":{"start":{"line":76,"column":8},"end":{"line":76,"column":14}},"21":{"start":{"line":82,"column":4},"end":{"line":84,"column":9}},"22":{"start":{"line":83,"column":8},"end":{"line":83,"column":15}},"23":{"start":{"line":85,"column":4},"end":{"line":194,"column":5}},"24":{"start":{"line":91,"column":8},"end":{"line":99,"column":10}},"25":{"start":{"line":98,"column":12},"end":{"line":98,"column":35}},"26":{"start":{"line":102,"column":8},"end":{"line":104,"column":63}},"27":{"start":{"line":105,"column":8},"end":{"line":105,"column":14}},"28":{"start":{"line":112,"column":8},"end":{"line":121,"column":10},"skip":true},"29":{"start":{"line":119,"column":12},"end":{"line":119,"column":55},"skip":true},"30":{"start":{"line":120,"column":12},"end":{"line":120,"column":48},"skip":true},"31":{"start":{"line":123,"column":8},"end":{"line":136,"column":10},"skip":true},"32":{"start":{"line":130,"column":12},"end":{"line":130,"column":76},"skip":true},"33":{"start":{"line":131,"column":12},"end":{"line":131,"column":73},"skip":true},"34":{"start":{"line":132,"column":12},"end":{"line":132,"column":74},"skip":true},"35":{"start":{"line":133,"column":12},"end":{"line":133,"column":79},"skip":true},"36":{"start":{"line":134,"column":12},"end":{"line":134,"column":25},"skip":true},"37":{"start":{"line":135,"column":12},"end":{"line":135,"column":45},"skip":true},"38":{"start":{"line":138,"column":8},"end":{"line":145,"column":14},"skip":true},"39":{"start":{"line":143,"column":16},"end":{"line":143,"column":29},"skip":true},"40":{"start":{"line":144,"column":16},"end":{"line":144,"column":55},"skip":true},"41":{"start":{"line":147,"column":8},"end":{"line":156,"column":10},"skip":true},"42":{"start":{"line":154,"column":12},"end":{"line":154,"column":25},"skip":true},"43":{"start":{"line":155,"column":12},"end":{"line":155,"column":45},"skip":true},"44":{"start":{"line":158,"column":8},"end":{"line":167,"column":10},"skip":true},"45":{"start":{"line":165,"column":12},"end":{"line":165,"column":25},"skip":true},"46":{"start":{"line":166,"column":12},"end":{"line":166,"column":48},"skip":true},"47":{"start":{"line":169,"column":8},"end":{"line":178,"column":10},"skip":true},"48":{"start":{"line":176,"column":12},"end":{"line":176,"column":25},"skip":true},"49":{"start":{"line":177,"column":12},"end":{"line":177,"column":46},"skip":true},"50":{"start":{"line":180,"column":8},"end":{"line":189,"column":10},"skip":true},"51":{"start":{"line":187,"column":12},"end":{"line":187,"column":94},"skip":true},"52":{"start":{"line":188,"column":12},"end":{"line":188,"column":48},"skip":true},"53":{"start":{"line":192,"column":8},"end":{"line":192,"column":35},"skip":true},"54":{"start":{"line":193,"column":8},"end":{"line":193,"column":14},"skip":true}},"branchMap":{"1":{"line":25,"type":"binary-expr","locations":[{"start":{"line":25,"column":23},"end":{"line":25,"column":62}},{"start":{"line":26,"column":20},"end":{"line":26,"column":70}},{"start":{"line":27,"column":20},"end":{"line":27,"column":71}},{"start":{"line":28,"column":20},"end":{"line":28,"column":29}}]},"2":{"line":30,"type":"binary-expr","locations":[{"start":{"line":30,"column":23},"end":{"line":30,"column":37}},{"start":{"line":31,"column":20},"end":{"line":31,"column":61}},{"start":{"line":32,"column":20},"end":{"line":32,"column":70}},{"start":{"line":33,"column":20},"end":{"line":33,"column":26}}]},"3":{"line":37,"type":"cond-expr","locations":[{"start":{"line":38,"column":14},"end":{"line":38,"column":20}},{"start":{"line":39,"column":14},"end":{"line":39,"column":20}}]},"4":{"line":40,"type":"switch","locations":[{"start":{"line":42,"column":8},"end":{"line":47,"column":18}},{"start":{"line":49,"column":8},"end":{"line":52,"column":18}}]},"5":{"line":44,"type":"binary-expr","locations":[{"start":{"line":44,"column":16},"end":{"line":44,"column":44}},{"start":{"line":44,"column":48},"end":{"line":44,"column":66}}]},"6":{"line":50,"type":"binary-expr","locations":[{"start":{"line":50,"column":21},"end":{"line":50,"column":49}},{"start":{"line":50,"column":53},"end":{"line":50,"column":72}}]},"7":{"line":64,"type":"switch","locations":[{"start":{"line":69,"column":4},"end":{"line":70,"column":14}},{"start":{"line":75,"column":4},"end":{"line":76,"column":14}}]},"8":{"line":85,"type":"switch","locations":[{"start":{"line":90,"column":4},"end":{"line":105,"column":14}},{"start":{"line":111,"column":4},"end":{"line":193,"column":14},"skip":true}]},"9":{"line":91,"type":"binary-expr","locations":[{"start":{"line":91,"column":42},"end":{"line":91,"column":73}},{"start":{"line":91,"column":77},"end":{"line":99,"column":9}}]},"10":{"line":102,"type":"binary-expr","locations":[{"start":{"line":102,"column":18},"end":{"line":102,"column":32}},{"start":{"line":103,"column":12},"end":{"line":103,"column":53}},{"start":{"line":104,"column":12},"end":{"line":104,"column":61}}]},"11":{"line":112,"type":"binary-expr","locations":[{"start":{"line":112,"column":45},"end":{"line":112,"column":79},"skip":true},{"start":{"line":112,"column":83},"end":{"line":121,"column":9},"skip":true}]},"12":{"line":123,"type":"binary-expr","locations":[{"start":{"line":123,"column":42},"end":{"line":123,"column":73},"skip":true},{"start":{"line":123,"column":77},"end":{"line":136,"column":9},"skip":true}]},"13":{"line":138,"type":"binary-expr","locations":[{"start":{"line":138,"column":48},"end":{"line":138,"column":85},"skip":true},{"start":{"line":139,"column":12},"end":{"line":145,"column":13},"skip":true}]},"14":{"line":147,"type":"binary-expr","locations":[{"start":{"line":147,"column":42},"end":{"line":147,"column":73},"skip":true},{"start":{"line":147,"column":77},"end":{"line":156,"column":9},"skip":true}]},"15":{"line":158,"type":"binary-expr","locations":[{"start":{"line":158,"column":45},"end":{"line":158,"column":79},"skip":true},{"start":{"line":158,"column":83},"end":{"line":167,"column":9},"skip":true}]},"16":{"line":169,"type":"binary-expr","locations":[{"start":{"line":169,"column":43},"end":{"line":169,"column":75},"skip":true},{"start":{"line":169,"column":79},"end":{"line":178,"column":9},"skip":true}]},"17":{"line":180,"type":"binary-expr","locations":[{"start":{"line":180,"column":41},"end":{"line":180,"column":71},"skip":true},{"start":{"line":180,"column":75},"end":{"line":189,"column":9},"skip":true}]}},"code":["/* istanbul instrument in package npmtest_zuul */","/*jslint","    bitwise: true,","    browser: true,","    maxerr: 8,","    maxlen: 96,","    node: true,","    nomen: true,","    regexp: true,","    stupid: true","*/","(function () {","    'use strict';","    var local;","","","","    // run shared js-env code - init-before","    (function () {","        // init local","        local = {};","        // init modeJs","        local.modeJs = (function () {","            try {","                return typeof navigator.userAgent === 'string' &&","                    typeof document.querySelector('body') === 'object' &&","                    typeof XMLHttpRequest.prototype.open === 'function' &&","                    'browser';","            } catch (errorCaughtBrowser) {","                return module.exports &&","                    typeof process.versions.node === 'string' &&","                    typeof require('http').createServer === 'function' &&","                    'node';","            }","        }());","        // init global","        local.global = local.modeJs === 'browser'","            ? window","            : global;","        switch (local.modeJs) {","        // re-init local from window.local","        case 'browser':","            local = local.global.utility2.objectSetDefault(","                local.global.utility2_rollup || local.global.local,","                local.global.utility2","            );","            break;","        // re-init local from example.js","        case 'node':","            local = (local.global.utility2_rollup || require('utility2'))","                .requireReadme();","            break;","        }","        // export local","        local.global.local = local;","    }());","","","","    // run shared js-env code - function","    (function () {","        return;","    }());","    switch (local.modeJs) {","","","","    // run browser js-env code - function","    case 'browser':","        break;","","","","    // run node js-env code - function","    case 'node':","        break;","    }","","","","    // run shared js-env code - init-after","    (function () {","        return;","    }());","    switch (local.modeJs) {","","","","    // run browser js-env code - init-after","    case 'browser':","        local.testCase_browser_nullCase = local.testCase_browser_nullCase || function (","            options,","            onError","        ) {","        /*","         * this function will test browsers's null-case handling-behavior-behavior","         */","            onError(null, options);","        };","","        // run tests","        local.nop(local.modeTest &&","            document.querySelector('#testRunButton1') &&","            document.querySelector('#testRunButton1').click());","        break;","","","","    // run node js-env code - init-after","    /* istanbul ignore next */","    case 'node':","        local.testCase_buildApidoc_default = local.testCase_buildApidoc_default || function (","            options,","            onError","        ) {","        /*","         * this function will test buildApidoc's default handling-behavior-behavior","         */","            options = { modulePathList: module.paths };","            local.buildApidoc(options, onError);","        };","","        local.testCase_buildApp_default = local.testCase_buildApp_default || function (","            options,","            onError","        ) {","        /*","         * this function will test buildApp's default handling-behavior-behavior","         */","            local.testCase_buildReadme_default(options, local.onErrorThrow);","            local.testCase_buildLib_default(options, local.onErrorThrow);","            local.testCase_buildTest_default(options, local.onErrorThrow);","            local.testCase_buildCustomOrg_default(options, local.onErrorThrow);","            options = [];","            local.buildApp(options, onError);","        };","","        local.testCase_buildCustomOrg_default = local.testCase_buildCustomOrg_default ||","            function (options, onError) {","            /*","             * this function will test buildCustomOrg's default handling-behavior","             */","                options = {};","                local.buildCustomOrg(options, onError);","            };","","        local.testCase_buildLib_default = local.testCase_buildLib_default || function (","            options,","            onError","        ) {","        /*","         * this function will test buildLib's default handling-behavior","         */","            options = {};","            local.buildLib(options, onError);","        };","","        local.testCase_buildReadme_default = local.testCase_buildReadme_default || function (","            options,","            onError","        ) {","        /*","         * this function will test buildReadme's default handling-behavior-behavior","         */","            options = {};","            local.buildReadme(options, onError);","        };","","        local.testCase_buildTest_default = local.testCase_buildTest_default || function (","            options,","            onError","        ) {","        /*","         * this function will test buildTest's default handling-behavior","         */","            options = {};","            local.buildTest(options, onError);","        };","","        local.testCase_webpage_default = local.testCase_webpage_default || function (","            options,","            onError","        ) {","        /*","         * this function will test webpage's default handling-behavior","         */","            options = { modeCoverageMerge: true, url: local.serverLocalHost + '?modeTest=1' };","            local.browserTest(options, onError);","        };","","        // run test-server","        local.testRunServer(local);","        break;","    }","}());",""],"l":{"12":2,"14":2,"19":2,"21":2,"23":2,"24":2,"25":2,"30":1,"37":2,"40":2,"43":1,"47":1,"50":1,"52":1,"55":2,"61":2,"62":2,"64":2,"70":1,"76":1,"82":2,"83":2,"85":2,"91":1,"98":1,"102":1,"105":1,"112":1,"119":1,"120":1,"123":1,"130":1,"131":1,"132":1,"133":1,"134":1,"135":1,"138":1,"143":2,"144":2,"147":1,"154":2,"155":2,"158":1,"165":2,"166":2,"169":1,"176":2,"177":2,"180":1,"187":1,"188":1,"192":1,"193":1}},"/home/travis/build/npmtest/node-npmtest-zuul/lib.npmtest_zuul.js":{"path":"/home/travis/build/npmtest/node-npmtest-zuul/lib.npmtest_zuul.js","s":{"1":2,"2":2,"3":2,"4":2,"5":2,"6":2,"7":2,"8":1,"9":2,"10":2,"11":2,"12":2,"13":1,"14":1,"15":1,"16":1},"b":{"1":[2,1,1,1],"2":[1,1,1,1],"3":[1,1],"4":[2,2],"5":[1,1]},"f":{"1":2,"2":2,"3":2},"fnMap":{"1":{"name":"(anonymous_1)","line":12,"loc":{"start":{"line":12,"column":1},"end":{"line":12,"column":13}}},"2":{"name":"(anonymous_2)","line":19,"loc":{"start":{"line":19,"column":5},"end":{"line":19,"column":17}}},"3":{"name":"(anonymous_3)","line":23,"loc":{"start":{"line":23,"column":24},"end":{"line":23,"column":36}}}},"statementMap":{"1":{"start":{"line":12,"column":0},"end":{"line":53,"column":5}},"2":{"start":{"line":14,"column":4},"end":{"line":14,"column":14}},"3":{"start":{"line":19,"column":4},"end":{"line":52,"column":9}},"4":{"start":{"line":21,"column":8},"end":{"line":21,"column":19}},"5":{"start":{"line":23,"column":8},"end":{"line":35,"column":13}},"6":{"start":{"line":24,"column":12},"end":{"line":34,"column":13}},"7":{"start":{"line":25,"column":16},"end":{"line":28,"column":30}},"8":{"start":{"line":30,"column":16},"end":{"line":33,"column":27}},"9":{"start":{"line":37,"column":8},"end":{"line":39,"column":21}},"10":{"start":{"line":41,"column":8},"end":{"line":41,"column":54}},"11":{"start":{"line":43,"column":8},"end":{"line":43,"column":49}},"12":{"start":{"line":45,"column":8},"end":{"line":51,"column":9}},"13":{"start":{"line":46,"column":12},"end":{"line":46,"column":55}},"14":{"start":{"line":48,"column":12},"end":{"line":48,"column":35}},"15":{"start":{"line":49,"column":12},"end":{"line":49,"column":49}},"16":{"start":{"line":50,"column":12},"end":{"line":50,"column":43}}},"branchMap":{"1":{"line":25,"type":"binary-expr","locations":[{"start":{"line":25,"column":23},"end":{"line":25,"column":62}},{"start":{"line":26,"column":20},"end":{"line":26,"column":70}},{"start":{"line":27,"column":20},"end":{"line":27,"column":71}},{"start":{"line":28,"column":20},"end":{"line":28,"column":29}}]},"2":{"line":30,"type":"binary-expr","locations":[{"start":{"line":30,"column":23},"end":{"line":30,"column":37}},{"start":{"line":31,"column":20},"end":{"line":31,"column":61}},{"start":{"line":32,"column":20},"end":{"line":32,"column":70}},{"start":{"line":33,"column":20},"end":{"line":33,"column":26}}]},"3":{"line":37,"type":"cond-expr","locations":[{"start":{"line":38,"column":14},"end":{"line":38,"column":20}},{"start":{"line":39,"column":14},"end":{"line":39,"column":20}}]},"4":{"line":41,"type":"binary-expr","locations":[{"start":{"line":41,"column":16},"end":{"line":41,"column":44}},{"start":{"line":41,"column":48},"end":{"line":41,"column":53}}]},"5":{"line":45,"type":"if","locations":[{"start":{"line":45,"column":8},"end":{"line":45,"column":8}},{"start":{"line":45,"column":8},"end":{"line":45,"column":8}}]}},"code":["/* istanbul instrument in package npmtest_zuul */","/*jslint","    bitwise: true,","    browser: true,","    maxerr: 8,","    maxlen: 96,","    node: true,","    nomen: true,","    regexp: true,","    stupid: true","*/","(function () {","    'use strict';","    var local;","","","","    // run shared js-env code - init-before","    (function () {","        // init local","        local = {};","        // init modeJs","        local.modeJs = (function () {","            try {","                return typeof navigator.userAgent === 'string' &&","                    typeof document.querySelector('body') === 'object' &&","                    typeof XMLHttpRequest.prototype.open === 'function' &&","                    'browser';","            } catch (errorCaughtBrowser) {","                return module.exports &&","                    typeof process.versions.node === 'string' &&","                    typeof require('http').createServer === 'function' &&","                    'node';","            }","        }());","        // init global","        local.global = local.modeJs === 'browser'","            ? window","            : global;","        // init utility2_rollup","        local = local.global.utility2_rollup || local;","        // init lib","        local.local = local.npmtest_zuul = local;","        // init exports","        if (local.modeJs === 'browser') {","            local.global.utility2_npmtest_zuul = local;","        } else {","            module.exports = local;","            module.exports.__dirname = __dirname;","            module.exports.module = module;","        }","    }());","}());",""],"l":{"12":2,"14":2,"19":2,"21":2,"23":2,"24":2,"25":2,"30":1,"37":2,"41":2,"43":2,"45":2,"46":1,"48":1,"49":1,"50":1}},"/home/travis/build/npmtest/node-npmtest-zuul/example.js":{"path":"/home/travis/build/npmtest/node-npmtest-zuul/example.js","s":{"1":2,"2":2,"3":2,"4":2,"5":2,"6":2,"7":2,"8":1,"9":2,"10":2,"11":2,"12":2,"13":1,"14":2,"15":2,"16":2,"17":2,"18":2,"19":0,"20":2,"21":1,"22":1,"23":1,"24":1,"25":1,"26":0,"27":0,"28":1,"29":1,"30":2,"31":0,"32":0,"33":0,"34":1,"35":2,"36":2,"37":3,"38":3,"39":3,"40":3,"41":0,"42":3,"43":3,"44":3,"45":1,"46":3,"47":1,"48":1,"49":1,"50":1,"51":1,"52":1,"53":1,"54":1,"55":1,"56":1,"57":0,"58":1,"59":6,"60":6,"61":1,"62":2,"63":0,"64":2,"65":1,"66":1,"67":0,"68":0,"69":0,"70":0,"71":0,"72":0,"73":0,"74":0,"75":0,"76":0,"77":0,"78":0,"79":0,"80":0,"81":0,"82":0,"83":0},"b":{"1":[2,1,1,1],"2":[1,1,1,1],"3":[1,1],"4":[2,2],"5":[1,1],"6":[1,1],"7":[2,0],"8":[2,1,1,1,1,1],"9":[0,2,0],"10":[1,1],"11":[2,1,1],"12":[1,0],"13":[0,2],"14":[2,0,0,0,0,0,0],"15":[0,3],"16":[3,0],"17":[1,1],"18":[0,1],"19":[1,2,0,2],"20":[1,0],"21":[1,1],"22":[0,0],"23":[0,0],"24":[0,0],"25":[0,0],"26":[0,0],"27":[0,0],"28":[0,0]},"f":{"1":2,"2":2,"3":2,"4":2,"5":2,"6":2,"7":3,"8":3,"9":3,"10":1,"11":6,"12":0},"fnMap":{"1":{"name":"(anonymous_1)","line":26,"loc":{"start":{"line":26,"column":1},"end":{"line":26,"column":13}}},"2":{"name":"(anonymous_2)","line":33,"loc":{"start":{"line":33,"column":5},"end":{"line":33,"column":17}}},"3":{"name":"(anonymous_3)","line":37,"loc":{"start":{"line":37,"column":24},"end":{"line":37,"column":36}}},"4":{"name":"(anonymous_4)","line":69,"loc":{"start":{"line":69,"column":31},"end":{"line":69,"column":48}},"skip":true},"5":{"name":"(anonymous_5)","line":78,"loc":{"start":{"line":78,"column":26},"end":{"line":78,"column":45}},"skip":true},"6":{"name":"(anonymous_6)","line":123,"loc":{"start":{"line":123,"column":33},"end":{"line":123,"column":48}},"skip":true},"7":{"name":"(anonymous_7)","line":125,"loc":{"start":{"line":125,"column":27},"end":{"line":125,"column":39}},"skip":true},"8":{"name":"(anonymous_8)","line":133,"loc":{"start":{"line":133,"column":59},"end":{"line":133,"column":74}},"skip":true},"9":{"name":"(anonymous_9)","line":143,"loc":{"start":{"line":143,"column":45},"end":{"line":143,"column":62}},"skip":true},"10":{"name":"(anonymous_10)","line":144,"loc":{"start":{"line":144,"column":73},"end":{"line":144,"column":92}},"skip":true},"11":{"name":"(anonymous_11)","line":272,"loc":{"start":{"line":272,"column":51},"end":{"line":272,"column":77}},"skip":true},"12":{"name":"(anonymous_12)","line":315,"loc":{"start":{"line":315,"column":32},"end":{"line":315,"column":61}},"skip":true}},"statementMap":{"1":{"start":{"line":26,"column":0},"end":{"line":326,"column":5}},"2":{"start":{"line":28,"column":4},"end":{"line":28,"column":14}},"3":{"start":{"line":33,"column":4},"end":{"line":60,"column":9}},"4":{"start":{"line":35,"column":8},"end":{"line":35,"column":19}},"5":{"start":{"line":37,"column":8},"end":{"line":49,"column":13}},"6":{"start":{"line":38,"column":12},"end":{"line":48,"column":13}},"7":{"start":{"line":39,"column":16},"end":{"line":42,"column":30}},"8":{"start":{"line":44,"column":16},"end":{"line":47,"column":27}},"9":{"start":{"line":51,"column":8},"end":{"line":53,"column":21}},"10":{"start":{"line":55,"column":8},"end":{"line":57,"column":45}},"11":{"start":{"line":59,"column":8},"end":{"line":59,"column":35}},"12":{"start":{"line":61,"column":4},"end":{"line":325,"column":5}},"13":{"start":{"line":69,"column":8},"end":{"line":121,"column":10},"skip":true},"14":{"start":{"line":70,"column":12},"end":{"line":88,"column":13},"skip":true},"15":{"start":{"line":76,"column":16},"end":{"line":87,"column":19},"skip":true},"16":{"start":{"line":79,"column":20},"end":{"line":86,"column":21},"skip":true},"17":{"start":{"line":82,"column":24},"end":{"line":82,"column":43},"skip":true},"18":{"start":{"line":83,"column":24},"end":{"line":83,"column":30},"skip":true},"19":{"start":{"line":85,"column":24},"end":{"line":85,"column":49},"skip":true},"20":{"start":{"line":89,"column":12},"end":{"line":107,"column":13},"skip":true},"21":{"start":{"line":92,"column":16},"end":{"line":102,"column":17},"skip":true},"22":{"start":{"line":93,"column":20},"end":{"line":93,"column":86},"skip":true},"23":{"start":{"line":94,"column":20},"end":{"line":95,"column":45},"skip":true},"24":{"start":{"line":96,"column":20},"end":{"line":96,"column":42},"skip":true},"25":{"start":{"line":97,"column":20},"end":{"line":97,"column":48},"skip":true},"26":{"start":{"line":100,"column":20},"end":{"line":100,"column":85},"skip":true},"27":{"start":{"line":101,"column":20},"end":{"line":101,"column":96},"skip":true},"28":{"start":{"line":103,"column":16},"end":{"line":103,"column":22},"skip":true},"29":{"start":{"line":106,"column":16},"end":{"line":106,"column":22},"skip":true},"30":{"start":{"line":108,"column":12},"end":{"line":120,"column":13},"skip":true},"31":{"start":{"line":114,"column":16},"end":{"line":119,"column":17},"skip":true},"32":{"start":{"line":116,"column":20},"end":{"line":116,"column":78},"skip":true},"33":{"start":{"line":118,"column":20},"end":{"line":118,"column":47},"skip":true},"34":{"start":{"line":123,"column":8},"end":{"line":141,"column":11},"skip":true},"35":{"start":{"line":124,"column":12},"end":{"line":124,"column":54},"skip":true},"36":{"start":{"line":125,"column":12},"end":{"line":140,"column":14},"skip":true},"37":{"start":{"line":126,"column":16},"end":{"line":126,"column":28},"skip":true},"38":{"start":{"line":127,"column":16},"end":{"line":127,"column":69},"skip":true},"39":{"start":{"line":128,"column":16},"end":{"line":128,"column":75},"skip":true},"40":{"start":{"line":129,"column":16},"end":{"line":131,"column":17},"skip":true},"41":{"start":{"line":130,"column":20},"end":{"line":130,"column":27},"skip":true},"42":{"start":{"line":133,"column":16},"end":{"line":137,"column":36},"skip":true},"43":{"start":{"line":134,"column":20},"end":{"line":136,"column":55},"skip":true},"44":{"start":{"line":139,"column":16},"end":{"line":139,"column":57},"skip":true},"45":{"start":{"line":143,"column":8},"end":{"line":147,"column":11},"skip":true},"46":{"start":{"line":144,"column":12},"end":{"line":146,"column":15},"skip":true},"47":{"start":{"line":145,"column":16},"end":{"line":145,"column":70},"skip":true},"48":{"start":{"line":149,"column":8},"end":{"line":149,"column":31},"skip":true},"49":{"start":{"line":150,"column":8},"end":{"line":150,"column":14},"skip":true},"50":{"start":{"line":158,"column":8},"end":{"line":158,"column":31},"skip":true},"51":{"start":{"line":160,"column":8},"end":{"line":160,"column":33},"skip":true},"52":{"start":{"line":161,"column":8},"end":{"line":161,"column":37},"skip":true},"53":{"start":{"line":162,"column":8},"end":{"line":162,"column":35},"skip":true},"54":{"start":{"line":164,"column":8},"end":{"line":164,"column":50},"skip":true},"55":{"start":{"line":166,"column":8},"end":{"line":256,"column":2},"skip":true},"56":{"start":{"line":258,"column":8},"end":{"line":286,"column":9},"skip":true},"57":{"start":{"line":259,"column":12},"end":{"line":269,"column":14},"skip":true},"58":{"start":{"line":271,"column":12},"end":{"line":285,"column":19},"skip":true},"59":{"start":{"line":274,"column":20},"end":{"line":274,"column":35},"skip":true},"60":{"start":{"line":275,"column":20},"end":{"line":284,"column":21},"skip":true},"61":{"start":{"line":277,"column":24},"end":{"line":277,"column":64},"skip":true},"62":{"start":{"line":279,"column":24},"end":{"line":279,"column":40},"skip":true},"63":{"start":{"line":281,"column":24},"end":{"line":281,"column":40},"skip":true},"64":{"start":{"line":283,"column":24},"end":{"line":283,"column":39},"skip":true},"65":{"start":{"line":288,"column":8},"end":{"line":290,"column":9},"skip":true},"66":{"start":{"line":289,"column":12},"end":{"line":289,"column":18},"skip":true},"67":{"start":{"line":291,"column":8},"end":{"line":293,"column":54},"skip":true},"68":{"start":{"line":296,"column":8},"end":{"line":301,"column":37},"skip":true},"69":{"start":{"line":303,"column":8},"end":{"line":303,"column":82},"skip":true},"70":{"start":{"line":306,"column":8},"end":{"line":308,"column":9},"skip":true},"71":{"start":{"line":307,"column":12},"end":{"line":307,"column":82},"skip":true},"72":{"start":{"line":310,"column":8},"end":{"line":312,"column":9},"skip":true},"73":{"start":{"line":311,"column":12},"end":{"line":311,"column":18},"skip":true},"74":{"start":{"line":313,"column":8},"end":{"line":313,"column":54},"skip":true},"75":{"start":{"line":314,"column":8},"end":{"line":314,"column":69},"skip":true},"76":{"start":{"line":315,"column":8},"end":{"line":323,"column":36},"skip":true},"77":{"start":{"line":316,"column":12},"end":{"line":316,"column":61},"skip":true},"78":{"start":{"line":317,"column":12},"end":{"line":320,"column":13},"skip":true},"79":{"start":{"line":318,"column":16},"end":{"line":318,"column":75},"skip":true},"80":{"start":{"line":319,"column":16},"end":{"line":319,"column":23},"skip":true},"81":{"start":{"line":321,"column":12},"end":{"line":321,"column":38},"skip":true},"82":{"start":{"line":322,"column":12},"end":{"line":322,"column":27},"skip":true},"83":{"start":{"line":324,"column":8},"end":{"line":324,"column":14},"skip":true}},"branchMap":{"1":{"line":39,"type":"binary-expr","locations":[{"start":{"line":39,"column":23},"end":{"line":39,"column":62}},{"start":{"line":40,"column":20},"end":{"line":40,"column":70}},{"start":{"line":41,"column":20},"end":{"line":41,"column":71}},{"start":{"line":42,"column":20},"end":{"line":42,"column":29}}]},"2":{"line":44,"type":"binary-expr","locations":[{"start":{"line":44,"column":23},"end":{"line":44,"column":37}},{"start":{"line":45,"column":20},"end":{"line":45,"column":61}},{"start":{"line":46,"column":20},"end":{"line":46,"column":70}},{"start":{"line":47,"column":20},"end":{"line":47,"column":26}}]},"3":{"line":51,"type":"cond-expr","locations":[{"start":{"line":52,"column":14},"end":{"line":52,"column":20}},{"start":{"line":53,"column":14},"end":{"line":53,"column":20}}]},"4":{"line":55,"type":"binary-expr","locations":[{"start":{"line":55,"column":16},"end":{"line":55,"column":44}},{"start":{"line":55,"column":49},"end":{"line":57,"column":43}}]},"5":{"line":55,"type":"cond-expr","locations":[{"start":{"line":56,"column":14},"end":{"line":56,"column":48}},{"start":{"line":57,"column":14},"end":{"line":57,"column":43}}]},"6":{"line":61,"type":"switch","locations":[{"start":{"line":68,"column":4},"end":{"line":150,"column":14},"skip":true},{"start":{"line":156,"column":4},"end":{"line":324,"column":14},"skip":true}]},"7":{"line":70,"type":"if","locations":[{"start":{"line":70,"column":12},"end":{"line":70,"column":12},"skip":true},{"start":{"line":70,"column":12},"end":{"line":70,"column":12},"skip":true}]},"8":{"line":70,"type":"binary-expr","locations":[{"start":{"line":70,"column":16},"end":{"line":70,"column":22},"skip":true},{"start":{"line":70,"column":27},"end":{"line":70,"column":32},"skip":true},{"start":{"line":71,"column":20},"end":{"line":71,"column":39},"skip":true},{"start":{"line":72,"column":20},"end":{"line":72,"column":49},"skip":true},{"start":{"line":73,"column":20},"end":{"line":73,"column":58},"skip":true},{"start":{"line":74,"column":20},"end":{"line":74,"column":69},"skip":true}]},"9":{"line":79,"type":"switch","locations":[{"start":{"line":80,"column":20},"end":{"line":80,"column":33},"skip":true},{"start":{"line":81,"column":20},"end":{"line":83,"column":30},"skip":true},{"start":{"line":84,"column":20},"end":{"line":85,"column":49},"skip":true}]},"10":{"line":89,"type":"switch","locations":[{"start":{"line":90,"column":12},"end":{"line":103,"column":22},"skip":true},{"start":{"line":105,"column":12},"end":{"line":106,"column":22},"skip":true}]},"11":{"line":89,"type":"binary-expr","locations":[{"start":{"line":89,"column":20},"end":{"line":89,"column":25},"skip":true},{"start":{"line":89,"column":29},"end":{"line":89,"column":48},"skip":true},{"start":{"line":89,"column":52},"end":{"line":89,"column":74},"skip":true}]},"12":{"line":92,"type":"if","locations":[{"start":{"line":92,"column":16},"end":{"line":92,"column":16},"skip":true},{"start":{"line":92,"column":16},"end":{"line":92,"column":16},"skip":true}]},"13":{"line":108,"type":"if","locations":[{"start":{"line":108,"column":12},"end":{"line":108,"column":12},"skip":true},{"start":{"line":108,"column":12},"end":{"line":108,"column":12},"skip":true}]},"14":{"line":108,"type":"binary-expr","locations":[{"start":{"line":108,"column":16},"end":{"line":108,"column":61},"skip":true},{"start":{"line":108,"column":66},"end":{"line":108,"column":72},"skip":true},{"start":{"line":108,"column":77},"end":{"line":108,"column":82},"skip":true},{"start":{"line":109,"column":20},"end":{"line":109,"column":39},"skip":true},{"start":{"line":110,"column":20},"end":{"line":110,"column":49},"skip":true},{"start":{"line":111,"column":20},"end":{"line":111,"column":58},"skip":true},{"start":{"line":112,"column":20},"end":{"line":112,"column":68},"skip":true}]},"15":{"line":129,"type":"if","locations":[{"start":{"line":129,"column":16},"end":{"line":129,"column":16},"skip":true},{"start":{"line":129,"column":16},"end":{"line":129,"column":16},"skip":true}]},"16":{"line":134,"type":"cond-expr","locations":[{"start":{"line":135,"column":26},"end":{"line":135,"column":29},"skip":true},{"start":{"line":136,"column":26},"end":{"line":136,"column":54},"skip":true}]},"17":{"line":164,"type":"binary-expr","locations":[{"start":{"line":164,"column":27},"end":{"line":164,"column":43},"skip":true},{"start":{"line":164,"column":47},"end":{"line":164,"column":49},"skip":true}]},"18":{"line":258,"type":"if","locations":[{"start":{"line":258,"column":8},"end":{"line":258,"column":8},"skip":true},{"start":{"line":258,"column":8},"end":{"line":258,"column":8},"skip":true}]},"19":{"line":275,"type":"switch","locations":[{"start":{"line":276,"column":20},"end":{"line":277,"column":64},"skip":true},{"start":{"line":278,"column":20},"end":{"line":279,"column":40},"skip":true},{"start":{"line":280,"column":20},"end":{"line":281,"column":40},"skip":true},{"start":{"line":282,"column":20},"end":{"line":283,"column":39},"skip":true}]},"20":{"line":288,"type":"if","locations":[{"start":{"line":288,"column":8},"end":{"line":288,"column":8},"skip":true},{"start":{"line":288,"column":8},"end":{"line":288,"column":8},"skip":true}]},"21":{"line":288,"type":"binary-expr","locations":[{"start":{"line":288,"column":12},"end":{"line":288,"column":40},"skip":true},{"start":{"line":288,"column":44},"end":{"line":288,"column":67},"skip":true}]},"22":{"line":292,"type":"binary-expr","locations":[{"start":{"line":292,"column":12},"end":{"line":292,"column":50},"skip":true},{"start":{"line":293,"column":12},"end":{"line":293,"column":53},"skip":true}]},"23":{"line":297,"type":"binary-expr","locations":[{"start":{"line":297,"column":12},"end":{"line":297,"column":62},"skip":true},{"start":{"line":298,"column":12},"end":{"line":301,"column":36},"skip":true}]},"24":{"line":303,"type":"binary-expr","locations":[{"start":{"line":303,"column":43},"end":{"line":303,"column":75},"skip":true},{"start":{"line":303,"column":79},"end":{"line":303,"column":81},"skip":true}]},"25":{"line":306,"type":"if","locations":[{"start":{"line":306,"column":8},"end":{"line":306,"column":8},"skip":true},{"start":{"line":306,"column":8},"end":{"line":306,"column":8},"skip":true}]},"26":{"line":310,"type":"if","locations":[{"start":{"line":310,"column":8},"end":{"line":310,"column":8},"skip":true},{"start":{"line":310,"column":8},"end":{"line":310,"column":8},"skip":true}]},"27":{"line":313,"type":"binary-expr","locations":[{"start":{"line":313,"column":27},"end":{"line":313,"column":43},"skip":true},{"start":{"line":313,"column":47},"end":{"line":313,"column":53},"skip":true}]},"28":{"line":317,"type":"if","locations":[{"start":{"line":317,"column":12},"end":{"line":317,"column":12},"skip":true},{"start":{"line":317,"column":12},"end":{"line":317,"column":12},"skip":true}]}},"code":["/*","example.js","","quickstart example","","instruction","    1. save this script as example.js","    2. run the shell command:","        $ npm install npmtest-zuul && PORT=8081 node example.js","    3. play with the browser-demo on http://127.0.0.1:8081","*/","","","","/* istanbul instrument in package npmtest_zuul */","/*jslint","    bitwise: true,","    browser: true,","    maxerr: 8,","    maxlen: 96,","    node: true,","    nomen: true,","    regexp: true,","    stupid: true","*/","(function () {","    'use strict';","    var local;","","","","    // run shared js-env code - init-before","    (function () {","        // init local","        local = {};","        // init modeJs","        local.modeJs = (function () {","            try {","                return typeof navigator.userAgent === 'string' &&","                    typeof document.querySelector('body') === 'object' &&","                    typeof XMLHttpRequest.prototype.open === 'function' &&","                    'browser';","            } catch (errorCaughtBrowser) {","                return module.exports &&","                    typeof process.versions.node === 'string' &&","                    typeof require('http').createServer === 'function' &&","                    'node';","            }","        }());","        // init global","        local.global = local.modeJs === 'browser'","            ? window","            : global;","        // init utility2_rollup","        local = local.global.utility2_rollup || (local.modeJs === 'browser'","            ? local.global.utility2_npmtest_zuul","            : global.utility2_moduleExports);","        // export local","        local.global.local = local;","    }());","    switch (local.modeJs) {","","","","    // init-after","    // run browser js-env code - init-after","    /* istanbul ignore next */","    case 'browser':","        local.testRunBrowser = function (event) {","            if (!event || (event &&","                    event.currentTarget &&","                    event.currentTarget.className &&","                    event.currentTarget.className.includes &&","                    event.currentTarget.className.includes('onreset'))) {","                // reset output","                Array.from(","                    document.querySelectorAll('body > .resettable')","                ).forEach(function (element) {","                    switch (element.tagName) {","                    case 'INPUT':","                    case 'TEXTAREA':","                        element.value = '';","                        break;","                    default:","                        element.textContent = '';","                    }","                });","            }","            switch (event && event.currentTarget && event.currentTarget.id) {","            case 'testRunButton1':","                // show tests","                if (document.querySelector('#testReportDiv1').style.display === 'none') {","                    document.querySelector('#testReportDiv1').style.display = 'block';","                    document.querySelector('#testRunButton1').textContent =","                        'hide internal test';","                    local.modeTest = true;","                    local.testRunDefault(local);","                // hide tests","                } else {","                    document.querySelector('#testReportDiv1').style.display = 'none';","                    document.querySelector('#testRunButton1').textContent = 'run internal test';","                }","                break;","            // custom-case","            default:","                break;","            }","            if (document.querySelector('#inputTextareaEval1') && (!event || (event &&","                    event.currentTarget &&","                    event.currentTarget.className &&","                    event.currentTarget.className.includes &&","                    event.currentTarget.className.includes('oneval')))) {","                // try to eval input-code","                try {","                    /*jslint evil: true*/","                    eval(document.querySelector('#inputTextareaEval1').value);","                } catch (errorCaught) {","                    console.error(errorCaught);","                }","            }","        };","        // log stderr and stdout to #outputTextareaStdout1","        ['error', 'log'].forEach(function (key) {","            console[key + '_original'] = console[key];","            console[key] = function () {","                var element;","                console[key + '_original'].apply(console, arguments);","                element = document.querySelector('#outputTextareaStdout1');","                if (!element) {","                    return;","                }","                // append text to #outputTextareaStdout1","                element.value += Array.from(arguments).map(function (arg) {","                    return typeof arg === 'string'","                        ? arg","                        : JSON.stringify(arg, null, 4);","                }).join(' ') + '\\n';","                // scroll textarea to bottom","                element.scrollTop = element.scrollHeight;","            };","        });","        // init event-handling","        ['change', 'click', 'keyup'].forEach(function (event) {","            Array.from(document.querySelectorAll('.on' + event)).forEach(function (element) {","                element.addEventListener(event, local.testRunBrowser);","            });","        });","        // run tests","        local.testRunBrowser();","        break;","","","","    // run node js-env code - init-after","    /* istanbul ignore next */","    case 'node':","        // export local","        module.exports = local;","        // require modules","        local.fs = require('fs');","        local.http = require('http');","        local.url = require('url');","        // init assets","        local.assetsDict = local.assetsDict || {};","        /* jslint-ignore-begin */","        local.assetsDict['/assets.index.template.html'] = '\\","<!doctype html>\\n\\","<html lang=\"en\">\\n\\","<head>\\n\\","<meta charset=\"UTF-8\">\\n\\","<meta name=\"viewport\" content=\"width=device-width, initial-scale=1\">\\n\\","<title>{{env.npm_package_name}} (v{{env.npm_package_version}})</title>\\n\\","<style>\\n\\","/*csslint\\n\\","    box-sizing: false,\\n\\","    universal-selector: false\\n\\","*/\\n\\","* {\\n\\","    box-sizing: border-box;\\n\\","}\\n\\","body {\\n\\","    background: #dde;\\n\\","    font-family: Arial, Helvetica, sans-serif;\\n\\","    margin: 2rem;\\n\\","}\\n\\","body > * {\\n\\","    margin-bottom: 1rem;\\n\\","}\\n\\",".utility2FooterDiv {\\n\\","    margin-top: 20px;\\n\\","    text-align: center;\\n\\","}\\n\\","</style>\\n\\","<style>\\n\\","/*csslint\\n\\","*/\\n\\","textarea {\\n\\","    font-family: monospace;\\n\\","    height: 10rem;\\n\\","    width: 100%;\\n\\","}\\n\\","textarea[readonly] {\\n\\","    background: #ddd;\\n\\","}\\n\\","</style>\\n\\","</head>\\n\\","<body>\\n\\","<!-- utility2-comment\\n\\","<div id=\"ajaxProgressDiv1\" style=\"background: #d00; height: 2px; left: 0; margin: 0; padding: 0; position: fixed; top: 0; transition: background 0.5s, width 1.5s; width: 25%;\"></div>\\n\\","utility2-comment -->\\n\\","<h1>\\n\\","<!-- utility2-comment\\n\\","    <a\\n\\","        {{#if env.npm_package_homepage}}\\n\\","        href=\"{{env.npm_package_homepage}}\"\\n\\","        {{/if env.npm_package_homepage}}\\n\\","        target=\"_blank\"\\n\\","    >\\n\\","utility2-comment -->\\n\\","        {{env.npm_package_name}} (v{{env.npm_package_version}})\\n\\","<!-- utility2-comment\\n\\","    </a>\\n\\","utility2-comment -->\\n\\","</h1>\\n\\","<h3>{{env.npm_package_description}}</h3>\\n\\","<!-- utility2-comment\\n\\","<h4><a download href=\"assets.app.js\">download standalone app</a></h4>\\n\\","<button class=\"onclick onreset\" id=\"testRunButton1\">run internal test</button><br>\\n\\","<div id=\"testReportDiv1\" style=\"display: none;\"></div>\\n\\","utility2-comment -->\\n\\","\\n\\","\\n\\","\\n\\","<label>stderr and stdout</label>\\n\\","<textarea class=\"resettable\" id=\"outputTextareaStdout1\" readonly></textarea>\\n\\","<!-- utility2-comment\\n\\","{{#if isRollup}}\\n\\","<script src=\"assets.app.js\"></script>\\n\\","{{#unless isRollup}}\\n\\","utility2-comment -->\\n\\","<script src=\"assets.utility2.rollup.js\"></script>\\n\\","<script src=\"jsonp.utility2._stateInit?callback=window.utility2._stateInit\"></script>\\n\\","<script src=\"assets.npmtest_zuul.rollup.js\"></script>\\n\\","<script src=\"assets.example.js\"></script>\\n\\","<script src=\"assets.test.js\"></script>\\n\\","<!-- utility2-comment\\n\\","{{/if isRollup}}\\n\\","utility2-comment -->\\n\\","<div class=\"utility2FooterDiv\">\\n\\","    [ this app was created with\\n\\","    <a href=\"https://github.com/kaizhu256/node-utility2\" target=\"_blank\">utility2</a>\\n\\","    ]\\n\\","</div>\\n\\","</body>\\n\\","</html>\\n\\","';","        /* jslint-ignore-end */","        if (local.templateRender) {","            local.assetsDict['/'] = local.templateRender(","                local.assetsDict['/assets.index.template.html'],","                {","                    env: local.objectSetDefault(local.env, {","                        npm_package_description: 'the greatest app in the world!',","                        npm_package_name: 'my-app',","                        npm_package_nameAlias: 'my_app',","                        npm_package_version: '0.0.1'","                    })","                }","            );","        } else {","            local.assetsDict['/'] = local.assetsDict['/assets.index.template.html']","                .replace((/\\{\\{env\\.(\\w+?)\\}\\}/g), function (match0, match1) {","                    // jslint-hack","                    String(match0);","                    switch (match1) {","                    case 'npm_package_description':","                        return 'the greatest app in the world!';","                    case 'npm_package_name':","                        return 'my-app';","                    case 'npm_package_nameAlias':","                        return 'my_app';","                    case 'npm_package_version':","                        return '0.0.1';","                    }","                });","        }","        // run the cli","        if (local.global.utility2_rollup || module !== require.main) {","            break;","        }","        local.assetsDict['/assets.example.js'] =","            local.assetsDict['/assets.example.js'] ||","            local.fs.readFileSync(__filename, 'utf8');","        // bug-workaround - long $npm_package_buildCustomOrg","        /* jslint-ignore-begin */","        local.assetsDict['/assets.npmtest_zuul.rollup.js'] =","            local.assetsDict['/assets.npmtest_zuul.rollup.js'] ||","            local.fs.readFileSync(","                local.npmtest_zuul.__dirname + '/lib.npmtest_zuul.js',","                'utf8'","            ).replace((/^#!/), '//');","        /* jslint-ignore-end */","        local.assetsDict['/favicon.ico'] = local.assetsDict['/favicon.ico'] || '';","        // if $npm_config_timeout_exit exists,","        // then exit this process after $npm_config_timeout_exit ms","        if (Number(process.env.npm_config_timeout_exit)) {","            setTimeout(process.exit, Number(process.env.npm_config_timeout_exit));","        }","        // start server","        if (local.global.utility2_serverHttp1) {","            break;","        }","        process.env.PORT = process.env.PORT || '8081';","        console.error('server starting on port ' + process.env.PORT);","        local.http.createServer(function (request, response) {","            request.urlParsed = local.url.parse(request.url);","            if (local.assetsDict[request.urlParsed.pathname] !== undefined) {","                response.end(local.assetsDict[request.urlParsed.pathname]);","                return;","            }","            response.statusCode = 404;","            response.end();","        }).listen(process.env.PORT);","        break;","    }","}());",""],"l":{"26":2,"28":2,"33":2,"35":2,"37":2,"38":2,"39":2,"44":1,"51":2,"55":2,"59":2,"61":2,"69":1,"70":2,"76":2,"79":2,"82":2,"83":2,"85":1,"89":2,"92":1,"93":1,"94":1,"96":1,"97":1,"100":1,"101":1,"103":1,"106":1,"108":2,"114":1,"116":1,"118":1,"123":1,"124":2,"125":2,"126":3,"127":3,"128":3,"129":3,"130":1,"133":3,"134":3,"139":3,"143":1,"144":3,"145":1,"149":1,"150":1,"158":1,"160":1,"161":1,"162":1,"164":1,"166":1,"258":1,"259":1,"271":1,"274":6,"275":6,"277":1,"279":2,"281":1,"283":2,"288":1,"289":1,"291":1,"296":1,"303":1,"306":1,"307":1,"310":1,"311":1,"313":1,"314":1,"315":1,"316":1,"317":1,"318":1,"319":1,"321":1,"322":1,"324":1}},"/home/travis/build/npmtest/node-npmtest-zuul/node_modules/zuul/lib/zuul.js":{"path":"/home/travis/build/npmtest/node-npmtest-zuul/node_modules/zuul/lib/zuul.js","s":{"1":1,"2":1,"3":1,"4":1,"5":1,"6":1,"7":1,"8":1,"9":1,"10":1,"11":1,"12":1,"13":1,"14":0,"15":0,"16":0,"17":0,"18":0,"19":0,"20":0,"21":0,"22":0,"23":0,"24":0,"25":0,"26":0,"27":0,"28":0,"29":0,"30":0,"31":0,"32":1,"33":1,"34":0,"35":0,"36":0,"37":0,"38":0,"39":1,"40":0,"41":0,"42":0,"43":1,"44":0,"45":0,"46":0,"47":0,"48":0,"49":0,"50":0,"51":0,"52":0,"53":0,"54":0,"55":0,"56":0,"57":0,"58":0,"59":0,"60":0,"61":0,"62":0,"63":0,"64":0,"65":0,"66":0,"67":0,"68":0,"69":0,"70":0,"71":0,"72":0,"73":0,"74":0,"75":0,"76":0,"77":0,"78":0,"79":0,"80":0,"81":0,"82":0,"83":0,"84":0,"85":0,"86":0,"87":0,"88":0,"89":0,"90":0,"91":0},"b":{"1":[0,0],"2":[0,0],"3":[0,0],"4":[0,0],"5":[0,0],"6":[0,0],"7":[0,0],"8":[0,0],"9":[0,0],"10":[0,0],"11":[0,0],"12":[0,0],"13":[0,0],"14":[0,0],"15":[0,0],"16":[0,0],"17":[0,0]},"f":{"1":0,"2":0,"3":0,"4":0,"5":0,"6":0,"7":0,"8":0,"9":0,"10":0,"11":0,"12":0,"13":0,"14":0},"fnMap":{"1":{"name":"Zuul","line":16,"loc":{"start":{"line":16,"column":0},"end":{"line":16,"column":22}}},"2":{"name":"(anonymous_2)","line":54,"loc":{"start":{"line":54,"column":24},"end":{"line":54,"column":37}}},"3":{"name":"(anonymous_3)","line":60,"loc":{"start":{"line":60,"column":55},"end":{"line":60,"column":66}}},"4":{"name":"(anonymous_4)","line":66,"loc":{"start":{"line":66,"column":25},"end":{"line":66,"column":40}}},"5":{"name":"(anonymous_5)","line":83,"loc":{"start":{"line":83,"column":21},"end":{"line":83,"column":36}}},"6":{"name":"(anonymous_6)","line":88,"loc":{"start":{"line":88,"column":16},"end":{"line":88,"column":44}}},"7":{"name":"(anonymous_7)","line":92,"loc":{"start":{"line":92,"column":40},"end":{"line":92,"column":59}}},"8":{"name":"(anonymous_8)","line":114,"loc":{"start":{"line":114,"column":33},"end":{"line":114,"column":51}}},"9":{"name":"(anonymous_9)","line":123,"loc":{"start":{"line":123,"column":34},"end":{"line":123,"column":52}}},"10":{"name":"(anonymous_10)","line":134,"loc":{"start":{"line":134,"column":31},"end":{"line":134,"column":49}}},"11":{"name":"(anonymous_11)","line":139,"loc":{"start":{"line":139,"column":32},"end":{"line":139,"column":46}}},"12":{"name":"(anonymous_12)","line":149,"loc":{"start":{"line":149,"column":23},"end":{"line":149,"column":38}}},"13":{"name":"(anonymous_13)","line":150,"loc":{"start":{"line":150,"column":37},"end":{"line":150,"column":55}}},"14":{"name":"(anonymous_14)","line":162,"loc":{"start":{"line":162,"column":18},"end":{"line":162,"column":32}}}},"statementMap":{"1":{"start":{"line":1,"column":0},"end":{"line":1,"column":37}},"2":{"start":{"line":2,"column":0},"end":{"line":2,"column":34}},"3":{"start":{"line":3,"column":0},"end":{"line":3,"column":29}},"4":{"start":{"line":4,"column":0},"end":{"line":4,"column":29}},"5":{"start":{"line":5,"column":0},"end":{"line":5,"column":50}},"6":{"start":{"line":7,"column":0},"end":{"line":7,"column":43}},"7":{"start":{"line":8,"column":0},"end":{"line":8,"column":42}},"8":{"start":{"line":9,"column":0},"end":{"line":9,"column":45}},"9":{"start":{"line":10,"column":0},"end":{"line":10,"column":45}},"10":{"start":{"line":11,"column":0},"end":{"line":11,"column":49}},"11":{"start":{"line":12,"column":0},"end":{"line":12,"column":37}},"12":{"start":{"line":14,"column":0},"end":{"line":14,"column":22}},"13":{"start":{"line":16,"column":0},"end":{"line":50,"column":1}},"14":{"start":{"line":17,"column":4},"end":{"line":19,"column":5}},"15":{"start":{"line":18,"column":8},"end":{"line":18,"column":32}},"16":{"start":{"line":21,"column":4},"end":{"line":23,"column":5}},"17":{"start":{"line":22,"column":8},"end":{"line":22,"column":35}},"18":{"start":{"line":25,"column":4},"end":{"line":27,"column":5}},"19":{"start":{"line":26,"column":8},"end":{"line":26,"column":43}},"20":{"start":{"line":29,"column":3},"end":{"line":31,"column":4}},"21":{"start":{"line":30,"column":7},"end":{"line":30,"column":48}},"22":{"start":{"line":33,"column":4},"end":{"line":33,"column":20}},"23":{"start":{"line":35,"column":4},"end":{"line":35,"column":23}},"24":{"start":{"line":36,"column":4},"end":{"line":36,"column":39}},"25":{"start":{"line":37,"column":4},"end":{"line":39,"column":5}},"26":{"start":{"line":38,"column":8},"end":{"line":38,"column":49}},"27":{"start":{"line":41,"column":4},"end":{"line":41,"column":41}},"28":{"start":{"line":42,"column":4},"end":{"line":42,"column":26}},"29":{"start":{"line":44,"column":4},"end":{"line":44,"column":90}},"30":{"start":{"line":47,"column":4},"end":{"line":47,"column":24}},"31":{"start":{"line":49,"column":4},"end":{"line":49,"column":48}},"32":{"start":{"line":52,"column":0},"end":{"line":52,"column":50}},"33":{"start":{"line":54,"column":0},"end":{"line":64,"column":2}},"34":{"start":{"line":55,"column":4},"end":{"line":55,"column":20}},"35":{"start":{"line":57,"column":4},"end":{"line":57,"column":30}},"36":{"start":{"line":60,"column":4},"end":{"line":63,"column":7}},"37":{"start":{"line":61,"column":8},"end":{"line":61,"column":81}},"38":{"start":{"line":62,"column":8},"end":{"line":62,"column":48}},"39":{"start":{"line":66,"column":0},"end":{"line":81,"column":2}},"40":{"start":{"line":67,"column":4},"end":{"line":67,"column":20}},"41":{"start":{"line":68,"column":4},"end":{"line":68,"column":30}},"42":{"start":{"line":70,"column":4},"end":{"line":80,"column":16}},"43":{"start":{"line":83,"column":0},"end":{"line":167,"column":2}},"44":{"start":{"line":84,"column":4},"end":{"line":84,"column":20}},"45":{"start":{"line":86,"column":4},"end":{"line":86,"column":30}},"46":{"start":{"line":88,"column":4},"end":{"line":166,"column":7}},"47":{"start":{"line":89,"column":8},"end":{"line":89,"column":43}},"48":{"start":{"line":91,"column":8},"end":{"line":108,"column":9}},"49":{"start":{"line":92,"column":12},"end":{"line":106,"column":15}},"50":{"start":{"line":93,"column":16},"end":{"line":97,"column":17}},"51":{"start":{"line":94,"column":20},"end":{"line":94,"column":45}},"52":{"start":{"line":95,"column":20},"end":{"line":95,"column":36}},"53":{"start":{"line":96,"column":20},"end":{"line":96,"column":27}},"54":{"start":{"line":99,"column":16},"end":{"line":105,"column":17}},"55":{"start":{"line":100,"column":20},"end":{"line":100,"column":30}},"56":{"start":{"line":103,"column":20},"end":{"line":103,"column":72}},"57":{"start":{"line":104,"column":20},"end":{"line":104,"column":37}},"58":{"start":{"line":107,"column":12},"end":{"line":107,"column":19}},"59":{"start":{"line":111,"column":8},"end":{"line":118,"column":9}},"60":{"start":{"line":112,"column":12},"end":{"line":112,"column":49}},"61":{"start":{"line":113,"column":12},"end":{"line":113,"column":42}},"62":{"start":{"line":114,"column":12},"end":{"line":116,"column":15}},"63":{"start":{"line":115,"column":16},"end":{"line":115,"column":65}},"64":{"start":{"line":117,"column":12},"end":{"line":117,"column":35}},"65":{"start":{"line":120,"column":8},"end":{"line":127,"column":9}},"66":{"start":{"line":121,"column":12},"end":{"line":121,"column":44}},"67":{"start":{"line":122,"column":12},"end":{"line":122,"column":43}},"68":{"start":{"line":123,"column":12},"end":{"line":125,"column":15}},"69":{"start":{"line":124,"column":16},"end":{"line":124,"column":65}},"70":{"start":{"line":126,"column":12},"end":{"line":126,"column":36}},"71":{"start":{"line":129,"column":8},"end":{"line":129,"column":32}},"72":{"start":{"line":130,"column":8},"end":{"line":130,"column":45}},"73":{"start":{"line":132,"column":8},"end":{"line":132,"column":26}},"74":{"start":{"line":134,"column":8},"end":{"line":160,"column":11}},"75":{"start":{"line":135,"column":12},"end":{"line":135,"column":42}},"76":{"start":{"line":137,"column":12},"end":{"line":137,"column":49}},"77":{"start":{"line":139,"column":12},"end":{"line":147,"column":15}},"78":{"start":{"line":140,"column":16},"end":{"line":144,"column":17}},"79":{"start":{"line":141,"column":20},"end":{"line":141,"column":72}},"80":{"start":{"line":142,"column":20},"end":{"line":142,"column":50}},"81":{"start":{"line":143,"column":20},"end":{"line":143,"column":43}},"82":{"start":{"line":146,"column":16},"end":{"line":146,"column":40}},"83":{"start":{"line":149,"column":12},"end":{"line":159,"column":15}},"84":{"start":{"line":150,"column":16},"end":{"line":157,"column":19}},"85":{"start":{"line":153,"column":20},"end":{"line":155,"column":21}},"86":{"start":{"line":154,"column":24},"end":{"line":154,"column":39}},"87":{"start":{"line":156,"column":20},"end":{"line":156,"column":27}},"88":{"start":{"line":158,"column":16},"end":{"line":158,"column":32}},"89":{"start":{"line":162,"column":8},"end":{"line":165,"column":11}},"90":{"start":{"line":163,"column":12},"end":{"line":163,"column":32}},"91":{"start":{"line":164,"column":12},"end":{"line":164,"column":32}}},"branchMap":{"1":{"line":17,"type":"if","locations":[{"start":{"line":17,"column":4},"end":{"line":17,"column":4}},{"start":{"line":17,"column":4},"end":{"line":17,"column":4}}]},"2":{"line":21,"type":"if","locations":[{"start":{"line":21,"column":4},"end":{"line":21,"column":4}},{"start":{"line":21,"column":4},"end":{"line":21,"column":4}}]},"3":{"line":25,"type":"if","locations":[{"start":{"line":25,"column":4},"end":{"line":25,"column":4}},{"start":{"line":25,"column":4},"end":{"line":25,"column":4}}]},"4":{"line":29,"type":"if","locations":[{"start":{"line":29,"column":3},"end":{"line":29,"column":3}},{"start":{"line":29,"column":3},"end":{"line":29,"column":3}}]},"5":{"line":37,"type":"if","locations":[{"start":{"line":37,"column":4},"end":{"line":37,"column":4}},{"start":{"line":37,"column":4},"end":{"line":37,"column":4}}]},"6":{"line":49,"type":"binary-expr","locations":[{"start":{"line":49,"column":24},"end":{"line":49,"column":42}},{"start":{"line":49,"column":46},"end":{"line":49,"column":47}}]},"7":{"line":91,"type":"if","locations":[{"start":{"line":91,"column":8},"end":{"line":91,"column":8}},{"start":{"line":91,"column":8},"end":{"line":91,"column":8}}]},"8":{"line":93,"type":"if","locations":[{"start":{"line":93,"column":16},"end":{"line":93,"column":16}},{"start":{"line":93,"column":16},"end":{"line":93,"column":16}}]},"9":{"line":99,"type":"if","locations":[{"start":{"line":99,"column":16},"end":{"line":99,"column":16}},{"start":{"line":99,"column":16},"end":{"line":99,"column":16}}]},"10":{"line":111,"type":"if","locations":[{"start":{"line":111,"column":8},"end":{"line":111,"column":8}},{"start":{"line":111,"column":8},"end":{"line":111,"column":8}}]},"11":{"line":115,"type":"binary-expr","locations":[{"start":{"line":115,"column":21},"end":{"line":115,"column":41}},{"start":{"line":115,"column":45},"end":{"line":115,"column":63}}]},"12":{"line":120,"type":"if","locations":[{"start":{"line":120,"column":8},"end":{"line":120,"column":8}},{"start":{"line":120,"column":8},"end":{"line":120,"column":8}}]},"13":{"line":124,"type":"binary-expr","locations":[{"start":{"line":124,"column":21},"end":{"line":124,"column":41}},{"start":{"line":124,"column":45},"end":{"line":124,"column":63}}]},"14":{"line":140,"type":"if","locations":[{"start":{"line":140,"column":16},"end":{"line":140,"column":16}},{"start":{"line":140,"column":16},"end":{"line":140,"column":16}}]},"15":{"line":153,"type":"if","locations":[{"start":{"line":153,"column":20},"end":{"line":153,"column":20}},{"start":{"line":153,"column":20},"end":{"line":153,"column":20}}]},"16":{"line":153,"type":"binary-expr","locations":[{"start":{"line":153,"column":24},"end":{"line":153,"column":38}},{"start":{"line":153,"column":42},"end":{"line":153,"column":62}}]},"17":{"line":164,"type":"binary-expr","locations":[{"start":{"line":164,"column":17},"end":{"line":164,"column":20}},{"start":{"line":164,"column":24},"end":{"line":164,"column":30}}]}},"code":["var debug = require('debug')('zuul');","var omit = require('lodash').omit;","var open = require('opener');","var Batch = require('batch');","var EventEmitter = require('events').EventEmitter;","","var control_app = require('./control-app');","var frameworks = require('../frameworks');","var setup_test_instance = require('./setup');","var SauceBrowser = require('./SauceBrowser');","var PhantomBrowser = require('./PhantomBrowser');","var Electron = require('./Electron');","","module.exports = Zuul;","","function Zuul(config) {","    if (!(this instanceof Zuul)) {","        return new Zuul(config);","    }","","    if (config.browser_retries === undefined) {","        config.browser_retries = 6;","    }","","    if (config.browser_output_timeout === undefined) {","        config.browser_output_timeout = -1;","    }","","   if (config.browser_open_timeout === undefined) {","       config.browser_open_timeout = 120 * 1000;","   }","","    var self = this;","","    var ui = config.ui;","    var framework_dir = frameworks[ui];","    if (!framework_dir) {","        throw new Error('unsupported ui: ' + ui);","    }","","    config.framework_dir = framework_dir;","    self._config = config;","","    debug('config: %j', omit(config, ['sauce_username', 'sauce_key', 'username', 'key']));","","    // list of browsers to test","    self._browsers = [];","","    self._concurrency = config.concurrency || 5;","}","","Zuul.prototype.__proto__ = EventEmitter.prototype;","","Zuul.prototype._setup = function(cb) {","    var self = this;","","    var config = self._config;","","    // we only need one control app","    var control_server = control_app(config).listen(0, function() {","        debug('control server active on port %d', control_server.address().port);","        cb(null, control_server.address().port);","    });","};","","Zuul.prototype.browser = function(info) {","    var self = this;","    var config = self._config;","","    self._browsers.push(SauceBrowser({","        name: config.name,","        build: process.env.TRAVIS_BUILD_NUMBER,","        firefox_profile: info.firefox_profile,","        username: config.username,","        key: config.key,","        browser: info.name,","        version: info.version,","        platform: info.platform,","        capabilities: config.capabilities","    }, config));","};","","Zuul.prototype.run = function(done) {","    var self = this;","","    var config = self._config;","","    self._setup(function(err, control_port) {","        config.control_port = control_port;","","        if (config.local) {","            setup_test_instance(config, function(err, url) {","                if (err) {","                    console.error(err.stack);","                    process.exit(1);","                    return;","                }","","                if (config.open) {","                    open(url);","                }","                else {","                    console.log('open the following url in a browser:');","                    console.log(url);","                }","            });","            return;","        }","","        // TODO love and care","        if (config.phantom) {","            var phantom = PhantomBrowser(config);","            self.emit('browser', phantom);","            phantom.once('done', function(results) {","                done(results.failed === 0 && results.passed > 0);","            });","            return phantom.start();","        }","","        if (config.electron) {","            var electron = Electron(config);","            self.emit('browser', electron);","            electron.once('done', function(results) {","                done(results.failed === 0 && results.passed > 0);","            });","            return electron.start();","        }","","        var batch = new Batch();","        batch.concurrency(self._concurrency);","","        var passed = true;","","        self._browsers.forEach(function(browser) {","            self.emit('browser', browser);","","            var retries = config.browser_retries;","","            browser.on('error', function(err) {","                if (--retries >= 0) {","                    debug('browser error (%s), restarting', err.message)","                    self.emit('restart', browser);","                    return browser.start();","                }","","                self.emit('error', err);","            });","","            batch.push(function(done) {","                browser.once('done', function(results) {","                    // if no tests passed, then this is also a problem","                    // indicates potential error to even run tests","                    if (results.failed || results.passed === 0) {","                        passed = false;","                    }","                    done();","                });","                browser.start();","            });","        });","","        batch.end(function(err) {","            debug('batch done');","            done(err || passed);","        });","    });","};",""],"l":{"1":1,"2":1,"3":1,"4":1,"5":1,"7":1,"8":1,"9":1,"10":1,"11":1,"12":1,"14":1,"16":1,"17":0,"18":0,"21":0,"22":0,"25":0,"26":0,"29":0,"30":0,"33":0,"35":0,"36":0,"37":0,"38":0,"41":0,"42":0,"44":0,"47":0,"49":0,"52":1,"54":1,"55":0,"57":0,"60":0,"61":0,"62":0,"66":1,"67":0,"68":0,"70":0,"83":1,"84":0,"86":0,"88":0,"89":0,"91":0,"92":0,"93":0,"94":0,"95":0,"96":0,"99":0,"100":0,"103":0,"104":0,"107":0,"111":0,"112":0,"113":0,"114":0,"115":0,"117":0,"120":0,"121":0,"122":0,"123":0,"124":0,"126":0,"129":0,"130":0,"132":0,"134":0,"135":0,"137":0,"139":0,"140":0,"141":0,"142":0,"143":0,"146":0,"149":0,"150":0,"153":0,"154":0,"156":0,"158":0,"162":0,"163":0,"164":0}},"/home/travis/build/npmtest/node-npmtest-zuul/node_modules/zuul/lib/control-app.js":{"path":"/home/travis/build/npmtest/node-npmtest-zuul/node_modules/zuul/lib/control-app.js","s":{"1":1,"2":1,"3":1,"4":1,"5":1,"6":1,"7":1,"8":1,"9":1,"10":1,"11":1,"12":1,"13":1,"14":1,"15":0,"16":0,"17":0,"18":0,"19":0,"20":0,"21":0,"22":0,"23":0,"24":0,"25":0,"26":0,"27":0,"28":0,"29":0,"30":0,"31":0,"32":0,"33":0,"34":0,"35":0,"36":0,"37":0,"38":0,"39":0,"40":0,"41":0,"42":0,"43":0,"44":0,"45":0,"46":0,"47":0,"48":0,"49":0,"50":0,"51":0,"52":0,"53":0,"54":0,"55":0,"56":0,"57":0,"58":0,"59":0,"60":0,"61":0,"62":0,"63":0,"64":0,"65":0,"66":0,"67":0,"68":0,"69":0,"70":0,"71":0,"72":0,"73":0,"74":0,"75":0,"76":0,"77":0,"78":0,"79":0},"b":{"1":[0,0],"2":[0,0],"3":[0,0],"4":[0,0],"5":[0,0],"6":[0,0],"7":[0,0],"8":[0,0],"9":[0,0]},"f":{"1":0,"2":0,"3":0,"4":0,"5":0,"6":0,"7":0,"8":0},"fnMap":{"1":{"name":"(anonymous_1)","line":17,"loc":{"start":{"line":17,"column":17},"end":{"line":17,"column":34}}},"2":{"name":"(anonymous_2)","line":61,"loc":{"start":{"line":61,"column":12},"end":{"line":61,"column":37}}},"3":{"name":"(anonymous_3)","line":87,"loc":{"start":{"line":87,"column":23},"end":{"line":87,"column":42}}},"4":{"name":"(anonymous_4)","line":100,"loc":{"start":{"line":100,"column":43},"end":{"line":100,"column":68}}},"5":{"name":"(anonymous_5)","line":104,"loc":{"start":{"line":104,"column":29},"end":{"line":104,"column":48}}},"6":{"name":"(anonymous_6)","line":115,"loc":{"start":{"line":115,"column":54},"end":{"line":115,"column":79}}},"7":{"name":"(anonymous_7)","line":123,"loc":{"start":{"line":123,"column":48},"end":{"line":123,"column":73}}},"8":{"name":"(anonymous_8)","line":126,"loc":{"start":{"line":126,"column":14},"end":{"line":126,"column":41}}}},"statementMap":{"1":{"start":{"line":1,"column":0},"end":{"line":1,"column":27}},"2":{"start":{"line":2,"column":0},"end":{"line":2,"column":23}},"3":{"start":{"line":3,"column":0},"end":{"line":3,"column":39}},"4":{"start":{"line":5,"column":0},"end":{"line":5,"column":41}},"5":{"start":{"line":6,"column":0},"end":{"line":6,"column":33}},"6":{"start":{"line":7,"column":0},"end":{"line":7,"column":40}},"7":{"start":{"line":8,"column":0},"end":{"line":8,"column":39}},"8":{"start":{"line":9,"column":0},"end":{"line":9,"column":40}},"9":{"start":{"line":10,"column":0},"end":{"line":10,"column":35}},"10":{"start":{"line":11,"column":0},"end":{"line":11,"column":38}},"11":{"start":{"line":12,"column":0},"end":{"line":12,"column":52}},"12":{"start":{"line":13,"column":0},"end":{"line":13,"column":49}},"13":{"start":{"line":15,"column":0},"end":{"line":15,"column":49}},"14":{"start":{"line":17,"column":0},"end":{"line":142,"column":2}},"15":{"start":{"line":18,"column":4},"end":{"line":18,"column":29}},"16":{"start":{"line":19,"column":4},"end":{"line":19,"column":23}},"17":{"start":{"line":20,"column":4},"end":{"line":20,"column":45}},"18":{"start":{"line":21,"column":4},"end":{"line":21,"column":33}},"19":{"start":{"line":23,"column":4},"end":{"line":25,"column":6}},"20":{"start":{"line":29,"column":4},"end":{"line":33,"column":7}},"21":{"start":{"line":35,"column":4},"end":{"line":35,"column":47}},"22":{"start":{"line":37,"column":4},"end":{"line":37,"column":23}},"23":{"start":{"line":38,"column":4},"end":{"line":40,"column":5}},"24":{"start":{"line":39,"column":8},"end":{"line":39,"column":78}},"25":{"start":{"line":42,"column":4},"end":{"line":42,"column":14}},"26":{"start":{"line":44,"column":4},"end":{"line":44,"column":54}},"27":{"start":{"line":46,"column":4},"end":{"line":46,"column":51}},"28":{"start":{"line":48,"column":4},"end":{"line":48,"column":24}},"29":{"start":{"line":49,"column":4},"end":{"line":49,"column":27}},"30":{"start":{"line":51,"column":4},"end":{"line":51,"column":25}},"31":{"start":{"line":53,"column":4},"end":{"line":53,"column":39}},"32":{"start":{"line":54,"column":4},"end":{"line":54,"column":25}},"33":{"start":{"line":55,"column":4},"end":{"line":55,"column":37}},"34":{"start":{"line":57,"column":4},"end":{"line":57,"column":51}},"35":{"start":{"line":58,"column":4},"end":{"line":58,"column":35}},"36":{"start":{"line":59,"column":4},"end":{"line":59,"column":49}},"37":{"start":{"line":61,"column":4},"end":{"line":66,"column":7}},"38":{"start":{"line":62,"column":8},"end":{"line":62,"column":39}},"39":{"start":{"line":63,"column":8},"end":{"line":63,"column":55}},"40":{"start":{"line":64,"column":8},"end":{"line":64,"column":41}},"41":{"start":{"line":65,"column":8},"end":{"line":65,"column":15}},"42":{"start":{"line":68,"column":4},"end":{"line":68,"column":24}},"43":{"start":{"line":70,"column":4},"end":{"line":70,"column":45}},"44":{"start":{"line":72,"column":4},"end":{"line":72,"column":38}},"45":{"start":{"line":75,"column":4},"end":{"line":75,"column":69}},"46":{"start":{"line":77,"column":4},"end":{"line":77,"column":54}},"47":{"start":{"line":80,"column":4},"end":{"line":80,"column":43}},"48":{"start":{"line":82,"column":4},"end":{"line":85,"column":5}},"49":{"start":{"line":84,"column":8},"end":{"line":84,"column":56}},"50":{"start":{"line":87,"column":4},"end":{"line":90,"column":7}},"51":{"start":{"line":88,"column":8},"end":{"line":88,"column":58}},"52":{"start":{"line":89,"column":8},"end":{"line":89,"column":28}},"53":{"start":{"line":92,"column":4},"end":{"line":92,"column":24}},"54":{"start":{"line":94,"column":4},"end":{"line":94,"column":40}},"55":{"start":{"line":95,"column":4},"end":{"line":95,"column":83}},"56":{"start":{"line":98,"column":4},"end":{"line":98,"column":44}},"57":{"start":{"line":100,"column":4},"end":{"line":113,"column":7}},"58":{"start":{"line":101,"column":8},"end":{"line":101,"column":50}},"59":{"start":{"line":103,"column":8},"end":{"line":103,"column":31}},"60":{"start":{"line":104,"column":8},"end":{"line":112,"column":11}},"61":{"start":{"line":105,"column":12},"end":{"line":107,"column":13}},"62":{"start":{"line":106,"column":16},"end":{"line":106,"column":33}},"63":{"start":{"line":109,"column":12},"end":{"line":109,"column":89}},"64":{"start":{"line":111,"column":12},"end":{"line":111,"column":37}},"65":{"start":{"line":115,"column":4},"end":{"line":121,"column":7}},"66":{"start":{"line":116,"column":8},"end":{"line":118,"column":9}},"67":{"start":{"line":117,"column":12},"end":{"line":117,"column":44}},"68":{"start":{"line":120,"column":8},"end":{"line":120,"column":22}},"69":{"start":{"line":123,"column":4},"end":{"line":139,"column":7}},"70":{"start":{"line":124,"column":8},"end":{"line":124,"column":50}},"71":{"start":{"line":126,"column":8},"end":{"line":138,"column":11}},"72":{"start":{"line":127,"column":12},"end":{"line":129,"column":13}},"73":{"start":{"line":128,"column":16},"end":{"line":128,"column":33}},"74":{"start":{"line":131,"column":12},"end":{"line":135,"column":13}},"75":{"start":{"line":132,"column":16},"end":{"line":132,"column":29}},"76":{"start":{"line":133,"column":16},"end":{"line":133,"column":52}},"77":{"start":{"line":134,"column":16},"end":{"line":134,"column":80}},"78":{"start":{"line":137,"column":12},"end":{"line":137,"column":26}},"79":{"start":{"line":141,"column":4},"end":{"line":141,"column":15}}},"branchMap":{"1":{"line":38,"type":"if","locations":[{"start":{"line":38,"column":4},"end":{"line":38,"column":4}},{"start":{"line":38,"column":4},"end":{"line":38,"column":4}}]},"2":{"line":44,"type":"binary-expr","locations":[{"start":{"line":44,"column":21},"end":{"line":44,"column":35}},{"start":{"line":44,"column":39},"end":{"line":44,"column":53}}]},"3":{"line":63,"type":"binary-expr","locations":[{"start":{"line":63,"column":34},"end":{"line":63,"column":48}},{"start":{"line":63,"column":52},"end":{"line":63,"column":54}}]},"4":{"line":82,"type":"if","locations":[{"start":{"line":82,"column":4},"end":{"line":82,"column":4}},{"start":{"line":82,"column":4},"end":{"line":82,"column":4}}]},"5":{"line":82,"type":"binary-expr","locations":[{"start":{"line":82,"column":8},"end":{"line":82,"column":23}},{"start":{"line":82,"column":27},"end":{"line":82,"column":39}}]},"6":{"line":105,"type":"if","locations":[{"start":{"line":105,"column":12},"end":{"line":105,"column":12}},{"start":{"line":105,"column":12},"end":{"line":105,"column":12}}]},"7":{"line":116,"type":"if","locations":[{"start":{"line":116,"column":8},"end":{"line":116,"column":8}},{"start":{"line":116,"column":8},"end":{"line":116,"column":8}}]},"8":{"line":127,"type":"if","locations":[{"start":{"line":127,"column":12},"end":{"line":127,"column":12}},{"start":{"line":127,"column":12},"end":{"line":127,"column":12}}]},"9":{"line":131,"type":"if","locations":[{"start":{"line":131,"column":12},"end":{"line":131,"column":12}},{"start":{"line":131,"column":12},"end":{"line":131,"column":12}}]}},"code":["var path = require('path');","var fs = require('fs');","var deglob = require('globs-to-files');","","var compression = require('compression');","var express = require('express');","var expstate = require('express-state');","var browserify = require('browserify');","var im = require('istanbul-middleware');","var watchify = require('watchify');","var assign = require('lodash').assign;","var humanizeDuration = require('humanize-duration');","var debug = require('debug')('zuul:control-app');","","var defaultBuilder = '../lib/builder-browserify';","","module.exports = function(config) {","    var files = config.files;","    var ui = config.ui;","    var framework_dir = config.framework_dir;","    var prj_dir = config.prj_dir;","","    var opt = {","        debug: true","    };","","    // watchify options","    // https://github.com/substack/watchify#var-w--watchifyb-opts","    opt = assign(opt, {","        cache: {},","        packageCache: {},","        fullPaths: true","    });","","    files = deglob.sync(files, {cwd: prj_dir});","","    var user_html = '';","    if (config.html) {","        user_html = fs.readFileSync(path.join(prj_dir, config.html), 'utf-8');","    }","","    var build;","    // default builder is browserify which we provide","    config.builder = config.builder || defaultBuilder;","","    build = require(config.builder)(files, config);","","    var app = express();","    app.use(compression());","","    expstate.extend(app);","","    app.set('state namespace', 'zuul');","    app.expose(ui, 'ui');","    app.expose(config.name, 'title');","","    app.set('views', __dirname + '/../frameworks');","    app.set('view engine', 'html');","    app.engine('html', require('hbs').__express);","","    app.use(function(req, res, next) {","        res.locals.title = config.name;","        res.locals.user_scripts = config.scripts || [];","        res.locals.user_html = user_html;","        next();","    });","","    app.use(app.router);","","    var bundle_router = new express.Router();","","    app.use(bundle_router.middleware);","","    // zuul files","    app.use('/__zuul', express.static(__dirname + '/../frameworks'));","    // framework files","    app.use('/__zuul', express.static(framework_dir));","","    // any user's files","    app.use(express.static(process.cwd()));","","    if (config.coverage && config.local) {","        // coverage endpoint","        app.use('/__zuul/coverage', im.createHandler());","    }","","    app.get('/__zuul', function(req, res) {","        res.locals.config = { port: config.support_port };","        res.render('index');","    });","","    var map = undefined;","","    var clientBundler = browserify(opt);","    clientBundler.require(path.join(framework_dir, '/client.js'), { entry: true });","","    // we use watchify to speed up `.bundle()` calls","    clientBundler = watchify(clientBundler);","","    bundle_router.get('/__zuul/client.js', function(req, res, next) {","        res.contentType('application/javascript');","","        var start = Date.now();","        clientBundler.bundle(function(err, buf) {","            if (err) {","                return next(err);","            }","","            debug('zuul client took %s to bundle', humanizeDuration(Date.now() - start));","","            res.send(buf.toString());","        });","    });","","    bundle_router.get('/__zuul/test-bundle.map.json', function(req, res, next) {","        if (!map) {","            return res.status(404).send('');","        }","","        res.json(map);","    });","","    bundle_router.get('/__zuul/test-bundle.js', function(req, res, next) {","        res.contentType('application/j
[...]
              source: result.trace.stack","            });","            return;","        }","    }","","}","","ZuulJasmineReporter.prototype.reportRunnerResults = function () {","    reporter.done();","};","","ZuulJasmineReporter.prototype.reportSpecStarting = function (spec) {","    reporter.test({","        name: getFullSpecName(spec)","    });","};","","ZuulJasmineReporter.prototype.reportSpecResults = function (spec) {","    var passed = !spec.results().failedCount;","","    if (!passed) {","        reportFirstSpecFailure(spec.results_.items_);","    }","","    reporter.test_end({","        name: getFullSpecName(spec),","        passed: passed","    });","};","","var zuulJasmineReporter = new ZuulJasmineReporter();","var jasmineEnv = jasmine.getEnv();","","jasmineEnv.addReporter(zuulJasmineReporter);","","function run() {","    jasmineEnv.execute();","}",""],"l":{"1":2,"2":0,"4":1,"6":1,"7":0,"9":1,"10":0,"11":0,"14":0,"17":1,"18":0,"19":0,"20":0,"21":0,"29":0,"35":0,"36":0,"39":0,"40":0,"45":0,"46":0,"48":0,"49":0,"52":0,"58":0,"59":0,"61":0,"63":1,"64":0}},"/home/travis/build/npmtest/node-npmtest-zuul/node_modules/zuul/frameworks/mocha/client.js":{"path":"/home/travis/build/npmtest/node-npmtest-zuul/node_modules/zuul/frameworks/mocha/client.js","s":{"1":2,"2":0,"3":0,"4":0,"5":0,"6":0,"7":0,"8":1,"9":0,"10":0,"11":0,"12":0,"13":1,"14":0,"15":0,"16":0,"17":0,"18":0,"19":0,"20":0,"21":0,"22":0,"23":0,"24":0,"25":0,"26":0,"27":0,"28":0,"29":0,"30":0,"31":0,"32":0,"33":0,"34":0,"35":0,"36":0,"37":0,"38":0,"39":0,"40":0},"b":{"1":[0,0],"2":[0,0],"3":[0,0],"4":[0,0],"5":[0,0],"6":[0,0],"7":[0,0]},"f":{"1":0,"2":0,"3":0,"4":0,"5":0,"6":0,"7":0,"8":0,"9":0,"10":0,"11":0},"fnMap":{"1":{"name":"(anonymous_1)","line":12,"loc":{"start":{"line":12,"column":12},"end":{"line":12,"column":23}}},"2":{"name":"getTitle","line":24,"loc":{"start":{"line":24,"column":0},"end":{"line":24,"column":24}}},"3":{"name":"run","line":33,"loc":{"start":{"line":33,"column":0},"end":{"line":33,"column":18}}},"4":{"name":"(anonymous_4)","line":50,"loc":{"start":{"line":50,"column":20},"end":{"line":50,"column":40}}},"5":{"name":"(anonymous_5)","line":62,"loc":{"start":{"line":62,"column":23},"end":{"line":62,"column":38}}},"6":{"name":"(anonymous_6)","line":68,"loc":{"start":{"line":68,"column":20},"end":{"line":68,"column":35}}},"7":{"name":"(anonymous_7)","line":74,"loc":{"start":{"line":74,"column":24},"end":{"line":74,"column":39}}},"8":{"name":"(anonymous_8)","line":88,"loc":{"start":{"line":88,"column":21},"end":{"line":88,"column":37}}},"9":{"name":"(anonymous_9)","line":94,"loc":{"start":{"line":94,"column":25},"end":{"line":94,"column":41}}},"10":{"name":"(anonymous_10)","line":98,"loc":{"start":{"line":98,"column":19},"end":{"line":98,"column":30}}},"11":{"name":"(anonymous_11)","line":102,"loc":{"start":{"line":102,"column":21},"end":{"line":102,"column":35}}}},"statementMap":{"1":{"start":{"line":1,"column":0},"end":{"line":1,"column":38}},"2":{"start":{"line":4,"column":0},"end":{"line":8,"column":2}},"3":{"start":{"line":10,"column":0},"end":{"line":13,"column":2}},"4":{"start":{"line":15,"column":0},"end":{"line":15,"column":23}},"5":{"start":{"line":18,"column":0},"end":{"line":20,"column":1}},"6":{"start":{"line":19,"column":2},"end":{"line":19,"column":26}},"7":{"start":{"line":22,"column":0},"end":{"line":22,"column":33}},"8":{"start":{"line":24,"column":0},"end":{"line":31,"column":1}},"9":{"start":{"line":25,"column":2},"end":{"line":25,"column":25}},"10":{"start":{"line":26,"column":2},"end":{"line":28,"column":3}},"11":{"start":{"line":27,"column":4},"end":{"line":27,"column":50}},"12":{"start":{"line":30,"column":2},"end":{"line":30,"column":15}},"13":{"start":{"line":33,"column":0},"end":{"line":105,"column":1}},"14":{"start":{"line":34,"column":2},"end":{"line":36,"column":3}},"15":{"start":{"line":35,"column":4},"end":{"line":35,"column":30}},"16":{"start":{"line":38,"column":2},"end":{"line":38,"column":22}},"17":{"start":{"line":39,"column":2},"end":{"line":41,"column":3}},"18":{"start":{"line":40,"column":4},"end":{"line":40,"column":25}},"19":{"start":{"line":43,"column":2},"end":{"line":43,"column":28}},"20":{"start":{"line":44,"column":2},"end":{"line":46,"column":3}},"21":{"start":{"line":45,"column":4},"end":{"line":45,"column":56}},"22":{"start":{"line":48,"column":2},"end":{"line":48,"column":29}},"23":{"start":{"line":50,"column":2},"end":{"line":60,"column":5}},"24":{"start":{"line":51,"column":4},"end":{"line":58,"column":7}},"25":{"start":{"line":62,"column":2},"end":{"line":66,"column":5}},"26":{"start":{"line":63,"column":4},"end":{"line":65,"column":7}},"27":{"start":{"line":68,"column":2},"end":{"line":72,"column":5}},"28":{"start":{"line":69,"column":4},"end":{"line":71,"column":7}},"29":{"start":{"line":74,"column":2},"end":{"line":86,"column":5}},"30":{"start":{"line":77,"column":4},"end":{"line":79,"column":5}},"31":{"start":{"line":78,"column":6},"end":{"line":78,"column":13}},"32":{"start":{"line":81,"column":4},"end":{"line":85,"column":7}},"33":{"start":{"line":88,"column":2},"end":{"line":92,"column":5}},"34":{"start":{"line":89,"column":4},"end":{"line":91,"column":7}},"35":{"start":{"line":94,"column":2},"end":{"line":96,"column":5}},"36":{"start":{"line":95,"column":4},"end":{"line":95,"column":30}},"37":{"start":{"line":98,"column":2},"end":{"line":100,"column":5}},"38":{"start":{"line":99,"column":4},"end":{"line":99,"column":20}},"39":{"start":{"line":102,"column":2},"end":{"line":104,"column":5}},"40":{"start":{"line":103,"column":4},"end":{"line":103,"column":23}}},"branchMap":{"1":{"line":18,"type":"if","locations":[{"start":{"line":18,"column":0},"end":{"line":18,"column":0}},{"start":{"line":18,"column":0},"end":{"line":18,"column":0}}]},"2":{"line":26,"type":"if","locations":[{"start":{"line":26,"column":2},"end":{"line":26,"column":2}},{"start":{"line":26,"column":2},"end":{"line":26,"column":2}}]},"3":{"line":34,"type":"if","locations":[{"start":{"line":34,"column":2},"end":{"line":34,"column":2}},{"start":{"line":34,"column":2},"end":{"line":34,"column":2}}]},"4":{"line":39,"type":"if","locations":[{"start":{"line":39,"column":2},"end":{"line":39,"column":2}},{"start":{"line":39,"column":2},"end":{"line":39,"column":2}}]},"5":{"line":44,"type":"if","locations":[{"start":{"line":44,"column":2},"end":{"line":44,"column":2}},{"start":{"line":44,"column":2},"end":{"line":44,"column":2}}]},"6":{"line":44,"type":"binary-expr","locations":[{"start":{"line":44,"column":6},"end":{"line":44,"column":31}},{"start":{"line":44,"column":35},"end":{"line":44,"column":59}}]},"7":{"line":77,"type":"if","locations":[{"start":{"line":77,"column":4},"end":{"line":77,"column":4}},{"start":{"line":77,"column":4},"end":{"line":77,"column":4}}]}},"code":["var ZuulReporter = require('../zuul');","","// convert zuul mocha ui's to our ui","var ui_map = {","  'mocha-bdd': 'bdd',","  'mocha-qunit': 'qunit',","  'mocha-tdd': 'tdd'","};","","var mocha_opt = {","  ui: ui_map[zuul.ui],","  reporter: function() {}","};","","mocha.setup(mocha_opt);","","// whitelist the `msWDfn` global for Microsoft Edge","if (/ Edge\\/[1-9][0-9]\\.[0-9]+$/.test(navigator.userAgent)) {","  mocha.globals('msWDfn');","}","","var reporter = ZuulReporter(run);","","function getTitle(item) {","  var title = item.title;","  if(item.parent.title){","    return getTitle(item.parent) + ' :: ' + title;","  }","","  return title;","}","","function run(err) {","  if (err) {","    return reporter.done(err);","  }","","  var harness = mocha;","  if (harness.checkLeaks) {","    harness.checkLeaks();","  }","","  var suite = harness.suite;","  if (suite.suites.length === 0 && suite.tests.length === 0) {","    return reporter.done(new Error('no tests defined'));","  }","","  var runner = harness.run();","","  runner.on('fail', function(test, err) {","    reporter.assertion({","      result: false,","      actual: undefined,","      expected: undefined,","      message: err.message,","      error: err,","      source: err.stack","    });","","  });","","  runner.on('pending', function(test) {","    reporter.skippedTest({","      name: getTitle(test)","    });","  });","","  runner.on('test', function(test) {","    reporter.test({","      name: getTitle(test)","    });","  });","","  runner.on('test end', function(test) {","    // mocha is broken","    // https://github.com/defunctzombie/zuul/issues/35#issuecomment-32622253","    if (test.state === undefined) {","      return;","    }","","    reporter.test_end({","      name: test.title,","      passed: test.state === 'passed',","      duration: test.duration","    });","  });","","  runner.on('suite', function(suite) {","    reporter.suite({","      name: suite.title","    });","  });","","  runner.on('suite end', function(suite) {","    reporter.suite_end(suite);","  });","","  runner.on('end', function() {","    reporter.done();","  });","","  runner.on('error', function(err) {","    reporter.done(err);","  });","}",""],"l":{"1":2,"4":0,"10":0,"15":0,"18":0,"19":0,"22":0,"24":1,"25":0,"26":0,"27":0,"30":0,"33":1,"34":0,"35":0,"38":0,"39":0,"40":0,"43":0,"44":0,"45":0,"48":0,"50":0,"51":0,"62":0,"63":0,"68":0,"69":0,"74":0,"77":0,"78":0,"81":0,"88":0,"89":0,"94":0,"95":0,"98":0,"99":0,"102":0,"103":0}},"/home/travis/build/npmtest/node-npmtest-zuul/node_modules/zuul/frameworks/qunit/client.js":{"path":"/home/travis/build/npmtest/node-npmtest-zuul/node_modules/zuul/frameworks/qunit/client.js","s":{"1":2,"2":0,"3":0,"4":0,"5":0,"6":0,"7":0,"8":0,"9":0,"10":0,"11":0,"12":0,"13":1,"14":0},"b":{},"f":{"1":0,"2":0,"3":0,"4":0,"5":0,"6":0},"fnMap":{"1":{"name":"(anonymous_1)","line":7,"loc":{"start":{"line":7,"column":12},"end":{"line":7,"column":23}}},"2":{"name":"(anonymous_2)","line":10,"loc":{"start":{"line":10,"column":11},"end":{"line":10,"column":29}}},"3":{"name":"(anonymous_3)","line":14,"loc":{"start":{"line":14,"column":16},"end":{"line":14,"column":34}}},"4":{"name":"(anonymous_4)","line":20,"loc":{"start":{"line":20,"column":15},"end":{"line":20,"column":33}}},"5":{"name":"(anonymous_5)","line":27,"loc":{"start":{"line":27,"column":10},"end":{"line":27,"column":28}}},"6":{"name":"run","line":37,"loc":{"start":{"line":37,"column":0},"end":{"line":37,"column":15}}}},"statementMap":{"1":{"start":{"line":1,"column":0},"end":{"line":1,"column":38}},"2":{"start":{"line":3,"column":0},"end":{"line":3,"column":33}},"3":{"start":{"line":5,"column":0},"end":{"line":5,"column":31}},"4":{"start":{"line":7,"column":0},"end":{"line":8,"column":3}},"5":{"start":{"line":10,"column":0},"end":{"line":12,"column":3}},"6":{"start":{"line":11,"column":4},"end":{"line":11,"column":20}},"7":{"start":{"line":14,"column":0},"end":{"line":18,"column":3}},"8":{"start":{"line":15,"column":4},"end":{"line":17,"column":7}},"9":{"start":{"line":20,"column":0},"end":{"line":25,"column":3}},"10":{"start":{"line":21,"column":4},"end":{"line":24,"column":7}},"11":{"start":{"line":27,"column":0},"end":{"line":35,"column":3}},"12":{"start":{"line":28,"column":4},"end":{"line":34,"column":7}},"13":{"start":{"line":37,"column":0},"end":{"line":39,"column":1}},"14":{"start":{"line":38,"column":4},"end":{"line":38,"column":18}}},"branchMap":{},"code":["var ZuulReporter = require('../zuul');","","var reporter = ZuulReporter(run);","","QUnit.config.autostart = false;","","QUnit.begin(function() {","});","","QUnit.done(function(details) {","    reporter.done();","});","","QUnit.testStart(function(details) {","    reporter.test({","        name: details.name","    });","});","","QUnit.testDone(function(details) {","    reporter.test_end({","        name: details.name,","        passed: details.passed","    });","});","","QUnit.log(function(details) {","    reporter.assertion({","        result: details.result,","        expected: details.expected,","        actual: details.actual,","        message: details.message,","        source: details.source","    });","});","","function run() {","    QUnit.start();","}",""],"l":{"1":2,"3":0,"5":0,"7":0,"10":0,"11":0,"14":0,"15":0,"20":0,"21":0,"27":0,"28":0,"37":1,"38":0}},"/home/travis/build/npmtest/node-npmtest-zuul/node_modules/zuul/frameworks/tape/client.js":{"path":"/home/travis/build/npmtest/node-npmtest-zuul/node_modules/zuul/frameworks/tape/client.js","s":{"1":2,"2":2,"3":2,"4":0,"5":0,"6":0,"7":0,"8":0,"9":0,"10":0,"11":0,"12":0,"13":0,"14":0,"15":0,"16":0,"17":0,"18":0,"19":0,"20":0,"21":0,"22":0,"23":0,"24":0,"25":0,"26":0,"27":0,"28":0,"29":0,"30":0,"31":0,"32":0,"33":0,"34":0,"35":0,"36":0,"37":0,"38":1,"39":0,"40":0,"41":1},"b":{"1":[0,0],"2":[0,0],"3":[0,0],"4":[0,0],"5":[0,0],"6":[0,0],"7":[0,0]},"f":{"1":0,"2":0,"3":0,"4":0,"5":0,"6":0,"7":0},"fnMap":{"1":{"name":"(anonymous_1)","line":18,"loc":{"start":{"line":18,"column":31},"end":{"line":18,"column":42}}},"2":{"name":"(anonymous_2)","line":25,"loc":{"start":{"line":25,"column":21},"end":{"line":25,"column":33}}},"3":{"name":"(anonymous_3)","line":42,"loc":{"start":{"line":42,"column":27},"end":{"line":42,"column":45}}},"4":{"name":"(anonymous_4)","line":61,"loc":{"start":{"line":61,"column":26},"end":{"line":61,"column":43}}},"5":{"name":"(anonymous_5)","line":76,"loc":{"start":{"line":76,"column":24},"end":{"line":76,"column":39}}},"6":{"name":"endPreviousTestIfNeeded","line":82,"loc":{"start":{"line":82,"column":0},"end":{"line":82,"column":35}}},"7":{"name":"run","line":91,"loc":{"start":{"line":91,"column":0},"end":{"line":91,"column":15}}}},"statementMap":{"1":{"start":{"line":1,"column":0},"end":{"line":1,"column":39}},"2":{"start":{"line":2,"column":0},"end":{"line":2,"column":35}},"3":{"start":{"line":4,"column":0},"end":{"line":4,"column":38}},"4":{"start":{"line":6,"column":0},"end":{"line":8,"column":1}},"5":{"start":{"line":7,"column":4},"end":{"line":7,"column":24}},"6":{"start":{"line":10,"column":0},"end":{"line":10,"column":33}},"7":{"start":{"line":11,"column":0},"end":{"line":11,"column":30}},"8":{"start":{"line":12,"column":0},"end":{"line":12,"column":19}},"9":{"start":{"line":13,"column":0},"end":{"line":13,"column":17}},"10":{"start":{"line":14,"column":0},"end":{"line":14,"column":24}},"11":{"start":{"line":16,"column":0},"end":{"line":16,"column":28}},"12":{"start":{"line":18,"column":0},"end":{"line":22,"column":3}},"13":{"start":{"line":19,"column":4},"end":{"line":19,"column":16}},"14":{"start":{"line":20,"column":4},"end":{"line":20,"column":23}},"15":{"start":{"line":21,"column":4},"end":{"line":21,"column":20}},"16":{"start":{"line":24,"column":0},"end":{"line":24,"column":37}},"17":{"start":{"line":25,"column":0},"end":{"line":40,"column":2}},"18":{"start":{"line":26,"column":4},"end":{"line":26,"column":27}},"19":{"start":{"line":29,"column":4},"end":{"line":32,"column":5}},"20":{"start":{"line":30,"column":8},"end":{"line":30,"column":39}},"21":{"start":{"line":31,"column":8},"end":{"line":31,"column":42}},"22":{"start":{"line":37,"column":4},"end":{"line":39,"column":5}},"23":{"start":{"line":38,"column":8},"end":{"line":38,"column":50}},"24":{"start":{"line":42,"column":0},"end":{"line":59,"column":3}},"25":{"start":{"line":44,"column":4},"end":{"line":46,"column":5}},"26":{"start":{"line":45,"column":8},"end":{"line":45,"column":15}},"27":{"start":{"line":48,"column":4},"end":{"line":48,"column":30}},"28":{"start":{"line":50,"column":4},"end":{"line":52,"column":6}},"29":{"start":{"line":54,"column":4},"end":{"line":54,"column":19}},"30":{"start":{"line":56,"column":4},"end":{"line":58,"column":7}},"31":{"start":{"line":61,"column":0},"end":{"line":74,"column":3}},"32":{"start":{"line":62,"column":4},"end":{"line":64,"column":5}},"33":{"start":{"line":63,"column":8},"end":{"line":63,"column":21}},"34":{"start":{"line":66,"column":4},"end":{"line":73,"column":7}},"35":{"start":{"line":76,"column":0},"end":{"line":80,"column":3}},"36":{"start":{"line":78,"column":4},"end":{"line":78,"column":30}},"37":{"start":{"line":79,"column":4},"end":{"line":79,"column":23}},"38":{"start":{"line":82,"column":0},"end":{"line":89,"column":1}},"39":{"start":{"line":83,"column":4},"end":{"line":88,"column":5}},"40":{"start":{"line":84,"column":8},"end":{"line":87,"column":11}},"41":{"start":{"line":91,"column":0},"end":{"line":94,"column":1}}},"branchMap":{"1":{"line":6,"type":"if","locations":[{"start":{"line":6,"column":0},"end":{"line":6,"column":0}},{"start":{"line":6,"column":0},"end":{"line":6,"column":0}}]},"2":{"line":29,"type":"if","locations":[{"start":{"line":29,"column":4},"end":{"line":29,"column":4}},{"start":{"line":29,"column":4},"end":{"line":29,"column":4}}]},"3":{"line":37,"type":"if","locations":[{"start":{"line":37,"column":4},"end":{"line":37,"column":4}},{"start":{"line":37,"column":4},"end":{"line":37,"column":4}}]},"4":{"line":44,"type":"if","locations":[{"start":{"line":44,"column":4},"end":{"line":44,"column":4}},{"start":{"line":44,"column":4},"end":{"line":44,"column":4}}]},"5":{"line":62,"type":"if","locations":[{"start":{"line":62,"column":4},"end":{"line":62,"column":4}},{"start":{"line":62,"column":4},"end":{"line":62,"column":4}}]},"6":{"line":70,"type":"binary-expr","locations":[{"start":{"line":70,"column":17},"end":{"line":70,"column":28}},{"start":{"line":70,"column":32},"end":{"line":70,"column":48}}]},"7":{"line":83,"type":"if","locations":[{"start":{"line":83,"column":4},"end":{"line":83,"column":4}},{"start":{"line":83,"column":4},"end":{"line":83,"column":4}}]}},"code":["var finished = require('tap-finished');","var parser = require('tap-parser');","","var ZuulReporter = require('../zuul');","","if (typeof global.console === 'undefined') {","    global.console = {};","}","","var reporter = ZuulReporter(run);","var previous_test = undefined;","var assertions = 0;","var done = false;","var noMoreTests = false;","","var parse_stream = parser();","","var finished_stream = finished(function() {","    done = true;","    parse_stream.end();","    reporter.done();","});","","var originalLog = global.console.log;","global.console.log = function () {","    var msg = arguments[0];","","    // do not write in a closed WriteStream","    if (!done) {","        parse_stream.write(msg + '\\n');","        finished_stream.write(msg + '\\n');","    }","","    // transfer log to original console,","    // this shows the tap output in console","    // and also let the user add console logs","    if (typeof originalLog === 'function') {","        return originalLog.apply(this, arguments);","    }","};","","parse_stream.on('comment', function(comment) {","    // if we received 'plan' then no need to go further","    if (noMoreTests) {","        return;","    }","","    endPreviousTestIfNeeded();","","    previous_test = {","        name: comment","    };","","    assertions = 0;","","    reporter.test({","        name: comment","    });","});","","parse_stream.on('assert', function(assert) {","    if (!assert.ok) {","        assertions++;","    }","","    reporter.assertion({","        result: assert.ok,","        expected: undefined,","        actual: undefined,","        message: assert.name || 'unnamed assert',","        error: undefined,","        stack: undefined","    });","});","","parse_stream.on('plan', function(plan) {","    // starting here, we know the full tape suite is finished","    endPreviousTestIfNeeded();","    noMoreTests = true;","});","","function endPreviousTestIfNeeded() {","    if (previous_test) {","        reporter.test_end({","            passed: assertions === 0,","            name: previous_test.name","        });","    }","}","","function run() {","    // tape tests already start by default","    // I don't like this stuff, very annoying to interface with","}",""],"l":{"1":2,"2":2,"4":2,"6":0,"7":0,"10":0,"11":0,"12":0,"13":0,"14":0,"16":0,"18":0,"19":0,"20":0,"21":0,"24":0,"25":0,"26":0,"29":0,"30":0,"31":0,"37":0,"38":0,"42":0,"44":0,"45":0,"48":0,"50":0,"54":0,"56":0,"61":0,"62":0,"63":0,"66":0,"76":0,"78":0,"79":0,"82":1,"83":0,"84":0,"91":1}}}